<?xml version="1.0" encoding="UTF-8"?>
<!-- Generated by org.testng.reporters.JUnitXMLReporter -->
<testsuite ignored="0" hostname="ATMECSINLT-038" failures="2" tests="2" name="Test validate firefox" time="21.766" errors="0" timestamp="06 Nov 2019 12:32:55 GMT">
  <testcase classname="com.atmecs.ToolsninjaAutomation.testScripts.HomePagetestscripts" name="homePageRedirection" time="0.054">
    <failure type="java.lang.AssertionError" message="expected [Home | Atmecs, Inc. | Digital Solutions &amp;amp; Product Engineering Ser] but found [Home | Atmecs, Inc. | Digital Solutions &amp;amp; Product Engineering Services]">
      <![CDATA[java.lang.AssertionError: expected [Home | Atmecs, Inc. | Digital Solutions & Product Engineering Ser] but found [Home | Atmecs, Inc. | Digital Solutions & Product Engineering Services]
at com.atmecs.ToolsninjaAutomation.pages.HomePage.isRedirectionCorrect(HomePage.java:34)
at com.atmecs.ToolsninjaAutomation.testScripts.HomePagetestscripts.homePageRedirection(HomePagetestscripts.java:35)
at java.base/java.util.concurrent.FutureTask.run(FutureTask.java:264)
at java.base/java.util.concurrent.ThreadPoolExecutor.runWorker(ThreadPoolExecutor.java:1128)
at java.base/java.util.concurrent.ThreadPoolExecutor$Worker.run(ThreadPoolExecutor.java:628)
at java.base/java.lang.Thread.run(Thread.java:835)
... Removed 22 stack frames]]>
    </failure>
  </testcase> <!-- homePageRedirection -->
  <testcase classname="com.atmecs.ToolsninjaAutomation.testScripts.HomePagetestscripts" name="homePageRedirection" time="0.058">
    <failure type="java.lang.NullPointerException">
      <![CDATA[java.lang.NullPointerException
at com.atmecs.ToolsninjaAutomation.extentReports.Extent.onTestFailure(Extent.java:145)
at java.base/java.util.concurrent.FutureTask.run(FutureTask.java:264)
at java.base/java.util.concurrent.ThreadPoolExecutor.runWorker(ThreadPoolExecutor.java:1128)
at java.base/java.util.concurrent.ThreadPoolExecutor$Worker.run(ThreadPoolExecutor.java:628)
at java.base/java.lang.Thread.run(Thread.java:835)
... Removed 13 stack frames]]>
    </failure>
  </testcase> <!-- homePageRedirection -->
</testsuite> <!-- Test validate firefox -->
