<?xml version="1.0" encoding="UTF-8"?>
<!-- Generated by org.testng.reporters.JUnitXMLReporter -->
<testsuite ignored="0" hostname="ATMECSINLT-038" failures="0" tests="218" name="Test1" time="59.615" errors="0" timestamp="05 Nov 2019 11:48:00 GMT">
  <testcase classname="com.atmecs.ToolsninjaAutomation.testScripts.HomePagetestscripts" name="homePageRedirection" time="0.191"/>
  <testcase classname="com.atmecs.ToolsninjaAutomation.testScripts.HomePagetestscripts" name="clickHeaderServices" time="5.157"/>
  <testcase classname="com.atmecs.ToolsninjaAutomation.testScripts.HomePagetestscripts" name="validatefooterForServices" time="0.168"/>
  <testcase classname="com.atmecs.ToolsninjaAutomation.testScripts.HomePagetestscripts" name="validatefooterForServices" time="0.116"/>
  <testcase classname="com.atmecs.ToolsninjaAutomation.testScripts.HomePagetestscripts" name="validatefooterForServices" time="0.1"/>
  <testcase classname="com.atmecs.ToolsninjaAutomation.testScripts.HomePagetestscripts" name="validatefooterForServices" time="0.092"/>
  <testcase classname="com.atmecs.ToolsninjaAutomation.testScripts.HomePagetestscripts" name="validatefooterForServices" time="0.104"/>
  <testcase classname="com.atmecs.ToolsninjaAutomation.testScripts.HomePagetestscripts" name="validatefooterForServices" time="0.1"/>
  <testcase classname="com.atmecs.ToolsninjaAutomation.testScripts.HomePagetestscripts" name="validatefooterForServices" time="0.087"/>
  <testcase classname="com.atmecs.ToolsninjaAutomation.testScripts.HomePagetestscripts" name="validatefooterForServices" time="0.092"/>
  <testcase classname="com.atmecs.ToolsninjaAutomation.testScripts.HomePagetestscripts" name="validatefooterForServices" time="0.096"/>
  <testcase classname="com.atmecs.ToolsninjaAutomation.testScripts.HomePagetestscripts" name="validatefooterForServices" time="0.096"/>
  <testcase classname="com.atmecs.ToolsninjaAutomation.testScripts.HomePagetestscripts" name="validatefooterForServices" time="0.087"/>
  <testcase classname="com.atmecs.ToolsninjaAutomation.testScripts.HomePagetestscripts" name="validatefooterForServices" time="0.088"/>
  <testcase classname="com.atmecs.ToolsninjaAutomation.testScripts.HomePagetestscripts" name="validatefooterForServices" time="0.088"/>
  <testcase classname="com.atmecs.ToolsninjaAutomation.testScripts.HomePagetestscripts" name="validatefooterForServices" time="0.084"/>
  <testcase classname="com.atmecs.ToolsninjaAutomation.testScripts.HomePagetestscripts" name="validatefooterForServices" time="0.128"/>
  <testcase classname="com.atmecs.ToolsninjaAutomation.testScripts.HomePagetestscripts" name="validatefooterForServices" time="0.247"/>
  <testcase classname="com.atmecs.ToolsninjaAutomation.testScripts.HomePagetestscripts" name="validatefooterForServices" time="0.096"/>
  <testcase classname="com.atmecs.ToolsninjaAutomation.testScripts.HomePagetestscripts" name="validatefooterForServices" time="0.096"/>
  <testcase classname="com.atmecs.ToolsninjaAutomation.testScripts.HomePagetestscripts" name="validatefooterForServices" time="0.092"/>
  <testcase classname="com.atmecs.ToolsninjaAutomation.testScripts.HomePagetestscripts" name="validatefooterForServices" time="0.073"/>
  <testcase classname="com.atmecs.ToolsninjaAutomation.testScripts.HomePagetestscripts" name="validatefooterForServices" time="0.1"/>
  <testcase classname="com.atmecs.ToolsninjaAutomation.testScripts.HomePagetestscripts" name="validatefooterForServices" time="0.151"/>
  <testcase classname="com.atmecs.ToolsninjaAutomation.testScripts.HomePagetestscripts" name="validatefooterForServices" time="0.164"/>
  <testcase classname="com.atmecs.ToolsninjaAutomation.testScripts.HomePagetestscripts" name="validatefooterForServices" time="0.092"/>
  <testcase classname="com.atmecs.ToolsninjaAutomation.testScripts.HomePagetestscripts" name="validatefooterForServices" time="0.112"/>
  <testcase classname="com.atmecs.ToolsninjaAutomation.testScripts.HomePagetestscripts" name="validatefooterForServices" time="0.116"/>
  <testcase classname="com.atmecs.ToolsninjaAutomation.testScripts.HomePagetestscripts" name="validatefooterForServices" time="0.244"/>
  <testcase classname="com.atmecs.ToolsninjaAutomation.testScripts.HomePagetestscripts" name="validatefooterForServices" time="0.124"/>
  <testcase classname="com.atmecs.ToolsninjaAutomation.testScripts.HomePagetestscripts" name="validatefooterForServices" time="0.087"/>
  <testcase classname="com.atmecs.ToolsninjaAutomation.testScripts.HomePagetestscripts" name="validatefooterForServices" time="0.004"/>
  <testcase classname="com.atmecs.ToolsninjaAutomation.testScripts.HomePagetestscripts" name="clickHeaderCareers" time="2.394"/>
  <testcase classname="com.atmecs.ToolsninjaAutomation.testScripts.HomePagetestscripts" name="validatefooterForCareers" time="0.184"/>
  <testcase classname="com.atmecs.ToolsninjaAutomation.testScripts.HomePagetestscripts" name="validatefooterForCareers" time="0.199"/>
  <testcase classname="com.atmecs.ToolsninjaAutomation.testScripts.HomePagetestscripts" name="validatefooterForCareers" time="0.248"/>
  <testcase classname="com.atmecs.ToolsninjaAutomation.testScripts.HomePagetestscripts" name="validatefooterForCareers" time="0.104"/>
  <testcase classname="com.atmecs.ToolsninjaAutomation.testScripts.HomePagetestscripts" name="validatefooterForCareers" time="0.116"/>
  <testcase classname="com.atmecs.ToolsninjaAutomation.testScripts.HomePagetestscripts" name="validatefooterForCareers" time="0.089"/>
  <testcase classname="com.atmecs.ToolsninjaAutomation.testScripts.HomePagetestscripts" name="validatefooterForCareers" time="0.092"/>
  <testcase classname="com.atmecs.ToolsninjaAutomation.testScripts.HomePagetestscripts" name="validatefooterForCareers" time="0.076"/>
  <testcase classname="com.atmecs.ToolsninjaAutomation.testScripts.HomePagetestscripts" name="validatefooterForCareers" time="0.104"/>
  <testcase classname="com.atmecs.ToolsninjaAutomation.testScripts.HomePagetestscripts" name="validatefooterForCareers" time="0.1"/>
  <testcase classname="com.atmecs.ToolsninjaAutomation.testScripts.HomePagetestscripts" name="validatefooterForCareers" time="0.084"/>
  <testcase classname="com.atmecs.ToolsninjaAutomation.testScripts.HomePagetestscripts" name="validatefooterForCareers" time="0.084"/>
  <testcase classname="com.atmecs.ToolsninjaAutomation.testScripts.HomePagetestscripts" name="validatefooterForCareers" time="0.108"/>
  <testcase classname="com.atmecs.ToolsninjaAutomation.testScripts.HomePagetestscripts" name="validatefooterForCareers" time="0.087"/>
  <testcase classname="com.atmecs.ToolsninjaAutomation.testScripts.HomePagetestscripts" name="validatefooterForCareers" time="0.067"/>
  <testcase classname="com.atmecs.ToolsninjaAutomation.testScripts.HomePagetestscripts" name="validatefooterForCareers" time="0.068"/>
  <testcase classname="com.atmecs.ToolsninjaAutomation.testScripts.HomePagetestscripts" name="validatefooterForCareers" time="0.068"/>
  <testcase classname="com.atmecs.ToolsninjaAutomation.testScripts.HomePagetestscripts" name="validatefooterForCareers" time="0.068"/>
  <testcase classname="com.atmecs.ToolsninjaAutomation.testScripts.HomePagetestscripts" name="validatefooterForCareers" time="0.064"/>
  <testcase classname="com.atmecs.ToolsninjaAutomation.testScripts.HomePagetestscripts" name="validatefooterForCareers" time="0.072"/>
  <testcase classname="com.atmecs.ToolsninjaAutomation.testScripts.HomePagetestscripts" name="validatefooterForCareers" time="0.076"/>
  <testcase classname="com.atmecs.ToolsninjaAutomation.testScripts.HomePagetestscripts" name="validatefooterForCareers" time="0.075"/>
  <testcase classname="com.atmecs.ToolsninjaAutomation.testScripts.HomePagetestscripts" name="validatefooterForCareers" time="0.08"/>
  <testcase classname="com.atmecs.ToolsninjaAutomation.testScripts.HomePagetestscripts" name="validatefooterForCareers" time="0.072"/>
  <testcase classname="com.atmecs.ToolsninjaAutomation.testScripts.HomePagetestscripts" name="validatefooterForCareers" time="0.08"/>
  <testcase classname="com.atmecs.ToolsninjaAutomation.testScripts.HomePagetestscripts" name="validatefooterForCareers" time="0.084"/>
  <testcase classname="com.atmecs.ToolsninjaAutomation.testScripts.HomePagetestscripts" name="validatefooterForCareers" time="0.076"/>
  <testcase classname="com.atmecs.ToolsninjaAutomation.testScripts.HomePagetestscripts" name="validatefooterForCareers" time="0.081"/>
  <testcase classname="com.atmecs.ToolsninjaAutomation.testScripts.HomePagetestscripts" name="validatefooterForCareers" time="0.072"/>
  <testcase classname="com.atmecs.ToolsninjaAutomation.testScripts.HomePagetestscripts" name="validatefooterForCareers" time="0.0"/>
  <testcase classname="com.atmecs.ToolsninjaAutomation.testScripts.HomePagetestscripts" name="clickHeaderAboutUs" time="2.272"/>
  <testcase classname="com.atmecs.ToolsninjaAutomation.testScripts.HomePagetestscripts" name="validatefooterForAboutUs" time="0.07"/>
  <testcase classname="com.atmecs.ToolsninjaAutomation.testScripts.HomePagetestscripts" name="validatefooterForAboutUs" time="0.068"/>
  <testcase classname="com.atmecs.ToolsninjaAutomation.testScripts.HomePagetestscripts" name="validatefooterForAboutUs" time="0.064"/>
  <testcase classname="com.atmecs.ToolsninjaAutomation.testScripts.HomePagetestscripts" name="validatefooterForAboutUs" time="0.08"/>
  <testcase classname="com.atmecs.ToolsninjaAutomation.testScripts.HomePagetestscripts" name="validatefooterForAboutUs" time="0.076"/>
  <testcase classname="com.atmecs.ToolsninjaAutomation.testScripts.HomePagetestscripts" name="validatefooterForAboutUs" time="0.076"/>
  <testcase classname="com.atmecs.ToolsninjaAutomation.testScripts.HomePagetestscripts" name="validatefooterForAboutUs" time="0.068"/>
  <testcase classname="com.atmecs.ToolsninjaAutomation.testScripts.HomePagetestscripts" name="validatefooterForAboutUs" time="0.072"/>
  <testcase classname="com.atmecs.ToolsninjaAutomation.testScripts.HomePagetestscripts" name="validatefooterForAboutUs" time="0.076"/>
  <testcase classname="com.atmecs.ToolsninjaAutomation.testScripts.HomePagetestscripts" name="validatefooterForAboutUs" time="0.072"/>
  <testcase classname="com.atmecs.ToolsninjaAutomation.testScripts.HomePagetestscripts" name="validatefooterForAboutUs" time="0.084"/>
  <testcase classname="com.atmecs.ToolsninjaAutomation.testScripts.HomePagetestscripts" name="validatefooterForAboutUs" time="0.076"/>
  <testcase classname="com.atmecs.ToolsninjaAutomation.testScripts.HomePagetestscripts" name="validatefooterForAboutUs" time="0.076"/>
  <testcase classname="com.atmecs.ToolsninjaAutomation.testScripts.HomePagetestscripts" name="validatefooterForAboutUs" time="0.081"/>
  <testcase classname="com.atmecs.ToolsninjaAutomation.testScripts.HomePagetestscripts" name="validatefooterForAboutUs" time="0.076"/>
  <testcase classname="com.atmecs.ToolsninjaAutomation.testScripts.HomePagetestscripts" name="validatefooterForAboutUs" time="0.088"/>
  <testcase classname="com.atmecs.ToolsninjaAutomation.testScripts.HomePagetestscripts" name="validatefooterForAboutUs" time="0.128"/>
  <testcase classname="com.atmecs.ToolsninjaAutomation.testScripts.HomePagetestscripts" name="validatefooterForAboutUs" time="0.08"/>
  <testcase classname="com.atmecs.ToolsninjaAutomation.testScripts.HomePagetestscripts" name="validatefooterForAboutUs" time="0.076"/>
  <testcase classname="com.atmecs.ToolsninjaAutomation.testScripts.HomePagetestscripts" name="validatefooterForAboutUs" time="0.072"/>
  <testcase classname="com.atmecs.ToolsninjaAutomation.testScripts.HomePagetestscripts" name="validatefooterForAboutUs" time="0.075"/>
  <testcase classname="com.atmecs.ToolsninjaAutomation.testScripts.HomePagetestscripts" name="validatefooterForAboutUs" time="0.064"/>
  <testcase classname="com.atmecs.ToolsninjaAutomation.testScripts.HomePagetestscripts" name="validatefooterForAboutUs" time="0.141"/>
  <testcase classname="com.atmecs.ToolsninjaAutomation.testScripts.HomePagetestscripts" name="validatefooterForAboutUs" time="0.08"/>
  <testcase classname="com.atmecs.ToolsninjaAutomation.testScripts.HomePagetestscripts" name="validatefooterForAboutUs" time="0.088"/>
  <testcase classname="com.atmecs.ToolsninjaAutomation.testScripts.HomePagetestscripts" name="validatefooterForAboutUs" time="0.095"/>
  <testcase classname="com.atmecs.ToolsninjaAutomation.testScripts.HomePagetestscripts" name="validatefooterForAboutUs" time="0.078"/>
  <testcase classname="com.atmecs.ToolsninjaAutomation.testScripts.HomePagetestscripts" name="validatefooterForAboutUs" time="0.076"/>
  <testcase classname="com.atmecs.ToolsninjaAutomation.testScripts.HomePagetestscripts" name="validatefooterForAboutUs" time="0.068"/>
  <testcase classname="com.atmecs.ToolsninjaAutomation.testScripts.HomePagetestscripts" name="validatefooterForAboutUs" time="0.0"/>
  <testcase classname="com.atmecs.ToolsninjaAutomation.testScripts.HomePagetestscripts" name="clickHeaderPartners" time="2.294"/>
  <testcase classname="com.atmecs.ToolsninjaAutomation.testScripts.HomePagetestscripts" name="validatefooterForPartner" time="0.09"/>
  <testcase classname="com.atmecs.ToolsninjaAutomation.testScripts.HomePagetestscripts" name="validatefooterForPartner" time="0.084"/>
  <testcase classname="com.atmecs.ToolsninjaAutomation.testScripts.HomePagetestscripts" name="validatefooterForPartner" time="0.072"/>
  <testcase classname="com.atmecs.ToolsninjaAutomation.testScripts.HomePagetestscripts" name="validatefooterForPartner" time="0.1"/>
  <testcase classname="com.atmecs.ToolsninjaAutomation.testScripts.HomePagetestscripts" name="validatefooterForPartner" time="0.092"/>
  <testcase classname="com.atmecs.ToolsninjaAutomation.testScripts.HomePagetestscripts" name="validatefooterForPartner" time="0.128"/>
  <testcase classname="com.atmecs.ToolsninjaAutomation.testScripts.HomePagetestscripts" name="validatefooterForPartner" time="0.072"/>
  <testcase classname="com.atmecs.ToolsninjaAutomation.testScripts.HomePagetestscripts" name="validatefooterForPartner" time="0.068"/>
  <testcase classname="com.atmecs.ToolsninjaAutomation.testScripts.HomePagetestscripts" name="validatefooterForPartner" time="0.064"/>
  <testcase classname="com.atmecs.ToolsninjaAutomation.testScripts.HomePagetestscripts" name="validatefooterForPartner" time="0.06"/>
  <testcase classname="com.atmecs.ToolsninjaAutomation.testScripts.HomePagetestscripts" name="validatefooterForPartner" time="0.064"/>
  <testcase classname="com.atmecs.ToolsninjaAutomation.testScripts.HomePagetestscripts" name="validatefooterForPartner" time="0.076"/>
  <testcase classname="com.atmecs.ToolsninjaAutomation.testScripts.HomePagetestscripts" name="validatefooterForPartner" time="0.1"/>
  <testcase classname="com.atmecs.ToolsninjaAutomation.testScripts.HomePagetestscripts" name="validatefooterForPartner" time="0.066"/>
  <testcase classname="com.atmecs.ToolsninjaAutomation.testScripts.HomePagetestscripts" name="validatefooterForPartner" time="0.06"/>
  <testcase classname="com.atmecs.ToolsninjaAutomation.testScripts.HomePagetestscripts" name="validatefooterForPartner" time="0.072"/>
  <testcase classname="com.atmecs.ToolsninjaAutomation.testScripts.HomePagetestscripts" name="validatefooterForPartner" time="0.092"/>
  <testcase classname="com.atmecs.ToolsninjaAutomation.testScripts.HomePagetestscripts" name="validatefooterForPartner" time="0.084"/>
  <testcase classname="com.atmecs.ToolsninjaAutomation.testScripts.HomePagetestscripts" name="validatefooterForPartner" time="0.092"/>
  <testcase classname="com.atmecs.ToolsninjaAutomation.testScripts.HomePagetestscripts" name="validatefooterForPartner" time="0.064"/>
  <testcase classname="com.atmecs.ToolsninjaAutomation.testScripts.HomePagetestscripts" name="validatefooterForPartner" time="0.067"/>
  <testcase classname="com.atmecs.ToolsninjaAutomation.testScripts.HomePagetestscripts" name="validatefooterForPartner" time="0.084"/>
  <testcase classname="com.atmecs.ToolsninjaAutomation.testScripts.HomePagetestscripts" name="validatefooterForPartner" time="0.064"/>
  <testcase classname="com.atmecs.ToolsninjaAutomation.testScripts.HomePagetestscripts" name="validatefooterForPartner" time="0.076"/>
  <testcase classname="com.atmecs.ToolsninjaAutomation.testScripts.HomePagetestscripts" name="validatefooterForPartner" time="0.076"/>
  <testcase classname="com.atmecs.ToolsninjaAutomation.testScripts.HomePagetestscripts" name="validatefooterForPartner" time="0.074"/>
  <testcase classname="com.atmecs.ToolsninjaAutomation.testScripts.HomePagetestscripts" name="validatefooterForPartner" time="0.069"/>
  <testcase classname="com.atmecs.ToolsninjaAutomation.testScripts.HomePagetestscripts" name="validatefooterForPartner" time="0.061"/>
  <testcase classname="com.atmecs.ToolsninjaAutomation.testScripts.HomePagetestscripts" name="validatefooterForPartner" time="0.108"/>
  <testcase classname="com.atmecs.ToolsninjaAutomation.testScripts.HomePagetestscripts" name="validatefooterForPartner" time="0.0"/>
  <testcase classname="com.atmecs.ToolsninjaAutomation.testScripts.HomePagetestscripts" name="clickHeaderMedia" time="0.164"/>
  <testcase classname="com.atmecs.ToolsninjaAutomation.testScripts.HomePagetestscripts" name="validatefooterForMedia" time="0.172"/>
  <testcase classname="com.atmecs.ToolsninjaAutomation.testScripts.HomePagetestscripts" name="validatefooterForMedia" time="0.06"/>
  <testcase classname="com.atmecs.ToolsninjaAutomation.testScripts.HomePagetestscripts" name="validatefooterForMedia" time="0.06"/>
  <testcase classname="com.atmecs.ToolsninjaAutomation.testScripts.HomePagetestscripts" name="validatefooterForMedia" time="0.064"/>
  <testcase classname="com.atmecs.ToolsninjaAutomation.testScripts.HomePagetestscripts" name="validatefooterForMedia" time="0.044"/>
  <testcase classname="com.atmecs.ToolsninjaAutomation.testScripts.HomePagetestscripts" name="validatefooterForMedia" time="0.04"/>
  <testcase classname="com.atmecs.ToolsninjaAutomation.testScripts.HomePagetestscripts" name="validatefooterForMedia" time="0.04"/>
  <testcase classname="com.atmecs.ToolsninjaAutomation.testScripts.HomePagetestscripts" name="validatefooterForMedia" time="0.04"/>
  <testcase classname="com.atmecs.ToolsninjaAutomation.testScripts.HomePagetestscripts" name="validatefooterForMedia" time="0.056"/>
  <testcase classname="com.atmecs.ToolsninjaAutomation.testScripts.HomePagetestscripts" name="validatefooterForMedia" time="0.041"/>
  <testcase classname="com.atmecs.ToolsninjaAutomation.testScripts.HomePagetestscripts" name="validatefooterForMedia" time="0.036"/>
  <testcase classname="com.atmecs.ToolsninjaAutomation.testScripts.HomePagetestscripts" name="validatefooterForMedia" time="0.088"/>
  <testcase classname="com.atmecs.ToolsninjaAutomation.testScripts.HomePagetestscripts" name="validatefooterForMedia" time="0.04"/>
  <testcase classname="com.atmecs.ToolsninjaAutomation.testScripts.HomePagetestscripts" name="validatefooterForMedia" time="0.04"/>
  <testcase classname="com.atmecs.ToolsninjaAutomation.testScripts.HomePagetestscripts" name="validatefooterForMedia" time="0.044"/>
  <testcase classname="com.atmecs.ToolsninjaAutomation.testScripts.HomePagetestscripts" name="validatefooterForMedia" time="0.06"/>
  <testcase classname="com.atmecs.ToolsninjaAutomation.testScripts.HomePagetestscripts" name="validatefooterForMedia" time="0.072"/>
  <testcase classname="com.atmecs.ToolsninjaAutomation.testScripts.HomePagetestscripts" name="validatefooterForMedia" time="0.08"/>
  <testcase classname="com.atmecs.ToolsninjaAutomation.testScripts.HomePagetestscripts" name="validatefooterForMedia" time="0.116"/>
  <testcase classname="com.atmecs.ToolsninjaAutomation.testScripts.HomePagetestscripts" name="validatefooterForMedia" time="0.092"/>
  <testcase classname="com.atmecs.ToolsninjaAutomation.testScripts.HomePagetestscripts" name="validatefooterForMedia" time="0.144"/>
  <testcase classname="com.atmecs.ToolsninjaAutomation.testScripts.HomePagetestscripts" name="validatefooterForMedia" time="0.056"/>
  <testcase classname="com.atmecs.ToolsninjaAutomation.testScripts.HomePagetestscripts" name="validatefooterForMedia" time="0.051"/>
  <testcase classname="com.atmecs.ToolsninjaAutomation.testScripts.HomePagetestscripts" name="validatefooterForMedia" time="0.054"/>
  <testcase classname="com.atmecs.ToolsninjaAutomation.testScripts.HomePagetestscripts" name="validatefooterForMedia" time="0.056"/>
  <testcase classname="com.atmecs.ToolsninjaAutomation.testScripts.HomePagetestscripts" name="validatefooterForMedia" time="0.048"/>
  <testcase classname="com.atmecs.ToolsninjaAutomation.testScripts.HomePagetestscripts" name="validatefooterForMedia" time="0.06"/>
  <testcase classname="com.atmecs.ToolsninjaAutomation.testScripts.HomePagetestscripts" name="validatefooterForMedia" time="0.052"/>
  <testcase classname="com.atmecs.ToolsninjaAutomation.testScripts.HomePagetestscripts" name="validatefooterForMedia" time="0.052"/>
  <testcase classname="com.atmecs.ToolsninjaAutomation.testScripts.HomePagetestscripts" name="validatefooterForMedia" time="0.0"/>
  <testcase classname="com.atmecs.ToolsninjaAutomation.testScripts.HomePagetestscripts" name="clickContactUs" time="2.335"/>
  <testcase classname="com.atmecs.ToolsninjaAutomation.testScripts.HomePagetestscripts" name="validatefooterForContacts" time="0.117"/>
  <testcase classname="com.atmecs.ToolsninjaAutomation.testScripts.HomePagetestscripts" name="validatefooterForContacts" time="0.093"/>
  <testcase classname="com.atmecs.ToolsninjaAutomation.testScripts.HomePagetestscripts" name="validatefooterForContacts" time="0.08"/>
  <testcase classname="com.atmecs.ToolsninjaAutomation.testScripts.HomePagetestscripts" name="validatefooterForContacts" time="0.08"/>
  <testcase classname="com.atmecs.ToolsninjaAutomation.testScripts.HomePagetestscripts" name="validatefooterForContacts" time="0.068"/>
  <testcase classname="com.atmecs.ToolsninjaAutomation.testScripts.HomePagetestscripts" name="validatefooterForContacts" time="0.064"/>
  <testcase classname="com.atmecs.ToolsninjaAutomation.testScripts.HomePagetestscripts" name="validatefooterForContacts" time="0.052"/>
  <testcase classname="com.atmecs.ToolsninjaAutomation.testScripts.HomePagetestscripts" name="validatefooterForContacts" time="0.056"/>
  <testcase classname="com.atmecs.ToolsninjaAutomation.testScripts.HomePagetestscripts" name="validatefooterForContacts" time="0.076"/>
  <testcase classname="com.atmecs.ToolsninjaAutomation.testScripts.HomePagetestscripts" name="validatefooterForContacts" time="0.084"/>
  <testcase classname="com.atmecs.ToolsninjaAutomation.testScripts.HomePagetestscripts" name="validatefooterForContacts" time="0.056"/>
  <testcase classname="com.atmecs.ToolsninjaAutomation.testScripts.HomePagetestscripts" name="validatefooterForContacts" time="0.06"/>
  <testcase classname="com.atmecs.ToolsninjaAutomation.testScripts.HomePagetestscripts" name="validatefooterForContacts" time="0.068"/>
  <testcase classname="com.atmecs.ToolsninjaAutomation.testScripts.HomePagetestscripts" name="validatefooterForContacts" time="0.063"/>
  <testcase classname="com.atmecs.ToolsninjaAutomation.testScripts.HomePagetestscripts" name="validatefooterForContacts" time="0.065"/>
  <testcase classname="com.atmecs.ToolsninjaAutomation.testScripts.HomePagetestscripts" name="validatefooterForContacts" time="0.099"/>
  <testcase classname="com.atmecs.ToolsninjaAutomation.testScripts.HomePagetestscripts" name="validatefooterForContacts" time="0.08"/>
  <testcase classname="com.atmecs.ToolsninjaAutomation.testScripts.HomePagetestscripts" name="validatefooterForContacts" time="0.092"/>
  <testcase classname="com.atmecs.ToolsninjaAutomation.testScripts.HomePagetestscripts" name="validatefooterForContacts" time="0.072"/>
  <testcase classname="com.atmecs.ToolsninjaAutomation.testScripts.HomePagetestscripts" name="validatefooterForContacts" time="0.06"/>
  <testcase classname="com.atmecs.ToolsninjaAutomation.testScripts.HomePagetestscripts" name="validatefooterForContacts" time="0.06"/>
  <testcase classname="com.atmecs.ToolsninjaAutomation.testScripts.HomePagetestscripts" name="validatefooterForContacts" time="0.064"/>
  <testcase classname="com.atmecs.ToolsninjaAutomation.testScripts.HomePagetestscripts" name="validatefooterForContacts" time="0.064"/>
  <testcase classname="com.atmecs.ToolsninjaAutomation.testScripts.HomePagetestscripts" name="validatefooterForContacts" time="0.064"/>
  <testcase classname="com.atmecs.ToolsninjaAutomation.testScripts.HomePagetestscripts" name="validatefooterForContacts" time="0.056"/>
  <testcase classname="com.atmecs.ToolsninjaAutomation.testScripts.HomePagetestscripts" name="validatefooterForContacts" time="0.064"/>
  <testcase classname="com.atmecs.ToolsninjaAutomation.testScripts.HomePagetestscripts" name="validatefooterForContacts" time="0.068"/>
  <testcase classname="com.atmecs.ToolsninjaAutomation.testScripts.HomePagetestscripts" name="validatefooterForContacts" time="0.06"/>
  <testcase classname="com.atmecs.ToolsninjaAutomation.testScripts.HomePagetestscripts" name="validatefooterForContacts" time="0.071"/>
  <testcase classname="com.atmecs.ToolsninjaAutomation.testScripts.HomePagetestscripts" name="validatefooterForContacts" time="0.002"/>
  <testcase classname="com.atmecs.ToolsninjaAutomation.testScripts.HomePagetestscripts" name="clickInsights" time="0.166"/>
  <testcase classname="com.atmecs.ToolsninjaAutomation.testScripts.HomePagetestscripts" name="validatefooterForInsights" time="0.068"/>
  <testcase classname="com.atmecs.ToolsninjaAutomation.testScripts.HomePagetestscripts" name="validatefooterForInsights" time="0.068"/>
  <testcase classname="com.atmecs.ToolsninjaAutomation.testScripts.HomePagetestscripts" name="validatefooterForInsights" time="0.092"/>
  <testcase classname="com.atmecs.ToolsninjaAutomation.testScripts.HomePagetestscripts" name="validatefooterForInsights" time="0.06"/>
  <testcase classname="com.atmecs.ToolsninjaAutomation.testScripts.HomePagetestscripts" name="validatefooterForInsights" time="0.044"/>
  <testcase classname="com.atmecs.ToolsninjaAutomation.testScripts.HomePagetestscripts" name="validatefooterForInsights" time="0.067"/>
  <testcase classname="com.atmecs.ToolsninjaAutomation.testScripts.HomePagetestscripts" name="validatefooterForInsights" time="0.056"/>
  <testcase classname="com.atmecs.ToolsninjaAutomation.testScripts.HomePagetestscripts" name="validatefooterForInsights" time="0.056"/>
  <testcase classname="com.atmecs.ToolsninjaAutomation.testScripts.HomePagetestscripts" name="validatefooterForInsights" time="0.068"/>
  <testcase classname="com.atmecs.ToolsninjaAutomation.testScripts.HomePagetestscripts" name="validatefooterForInsights" time="0.052"/>
  <testcase classname="com.atmecs.ToolsninjaAutomation.testScripts.HomePagetestscripts" name="validatefooterForInsights" time="0.036"/>
  <testcase classname="com.atmecs.ToolsninjaAutomation.testScripts.HomePagetestscripts" name="validatefooterForInsights" time="0.056"/>
  <testcase classname="com.atmecs.ToolsninjaAutomation.testScripts.HomePagetestscripts" name="validatefooterForInsights" time="0.04"/>
  <testcase classname="com.atmecs.ToolsninjaAutomation.testScripts.HomePagetestscripts" name="validatefooterForInsights" time="0.053"/>
  <testcase classname="com.atmecs.ToolsninjaAutomation.testScripts.HomePagetestscripts" name="validatefooterForInsights" time="0.044"/>
  <testcase classname="com.atmecs.ToolsninjaAutomation.testScripts.HomePagetestscripts" name="validatefooterForInsights" time="0.044"/>
  <testcase classname="com.atmecs.ToolsninjaAutomation.testScripts.HomePagetestscripts" name="validatefooterForInsights" time="0.048"/>
  <testcase classname="com.atmecs.ToolsninjaAutomation.testScripts.HomePagetestscripts" name="validatefooterForInsights" time="0.052"/>
  <testcase classname="com.atmecs.ToolsninjaAutomation.testScripts.HomePagetestscripts" name="validatefooterForInsights" time="0.064"/>
  <testcase classname="com.atmecs.ToolsninjaAutomation.testScripts.HomePagetestscripts" name="validatefooterForInsights" time="0.084"/>
  <testcase classname="com.atmecs.ToolsninjaAutomation.testScripts.HomePagetestscripts" name="validatefooterForInsights" time="0.056"/>
  <testcase classname="com.atmecs.ToolsninjaAutomation.testScripts.HomePagetestscripts" name="validatefooterForInsights" time="0.06"/>
  <testcase classname="com.atmecs.ToolsninjaAutomation.testScripts.HomePagetestscripts" name="validatefooterForInsights" time="0.068"/>
  <testcase classname="com.atmecs.ToolsninjaAutomation.testScripts.HomePagetestscripts" name="validatefooterForInsights" time="0.072"/>
  <testcase classname="com.atmecs.ToolsninjaAutomation.testScripts.HomePagetestscripts" name="validatefooterForInsights" time="0.064"/>
  <testcase classname="com.atmecs.ToolsninjaAutomation.testScripts.HomePagetestscripts" name="validatefooterForInsights" time="0.048"/>
  <testcase classname="com.atmecs.ToolsninjaAutomation.testScripts.HomePagetestscripts" name="validatefooterForInsights" time="0.052"/>
  <testcase classname="com.atmecs.ToolsninjaAutomation.testScripts.HomePagetestscripts" name="validatefooterForInsights" time="0.048"/>
  <testcase classname="com.atmecs.ToolsninjaAutomation.testScripts.HomePagetestscripts" name="validatefooterForInsights" time="0.064"/>
  <testcase classname="com.atmecs.ToolsninjaAutomation.testScripts.HomePagetestscripts" name="validatefooterForInsights" time="0.0"/>
</testsuite> <!-- Test1 -->
