<?xml version="1.0" encoding="UTF-8"?>
<!-- Generated by org.testng.reporters.JUnitXMLReporter -->
<testsuite ignored="0" hostname="ATMECSINLT-038" failures="7" tests="218" name="Test validate chrome" time="32.493" errors="0" timestamp="22 Oct 2019 12:20:22 GMT">
  <testcase classname="com.atmecs.ToolsninjaAutomation.extentReports.ExtentReport" name="@AfterMethod tearDown" time="0.286">
    <failure type="java.lang.RuntimeException" message="Unexpected result for screenshot command: null">
      <![CDATA[java.lang.RuntimeException: Unexpected result for screenshot command: null
at org.openqa.selenium.remote.RemoteWebDriver.getScreenshotAs(RemoteWebDriver.java:304)
at com.atmecs.ToolsninjaAutomation.extentReports.ExtentReport.getScreenshot(ExtentReport.java:52)
at com.atmecs.ToolsninjaAutomation.extentReports.ExtentReport.tearDown(ExtentReport.java:73)
at java.base/java.util.concurrent.FutureTask.run(FutureTask.java:264)
at java.base/java.util.concurrent.ThreadPoolExecutor.runWorker(ThreadPoolExecutor.java:1128)
at java.base/java.util.concurrent.ThreadPoolExecutor$Worker.run(ThreadPoolExecutor.java:628)
at java.base/java.lang.Thread.run(Thread.java:835)
... Removed 18 stack frames]]>
    </failure>
  </testcase> <!-- @AfterMethod tearDown -->
  <testcase classname="com.atmecs.ToolsninjaAutomation.extentReports.ExtentReport" name="@AfterMethod tearDown" time="0.0">
    <skipped/>
  </testcase> <!-- @AfterMethod tearDown -->
  <testcase classname="com.atmecs.ToolsninjaAutomation.extentReports.ExtentReport" name="@AfterMethod tearDown" time="0.0">
    <skipped/>
  </testcase> <!-- @AfterMethod tearDown -->
  <testcase classname="com.atmecs.ToolsninjaAutomation.extentReports.ExtentReport" name="@AfterMethod tearDown" time="0.0">
    <skipped/>
  </testcase> <!-- @AfterMethod tearDown -->
  <testcase classname="com.atmecs.ToolsninjaAutomation.extentReports.ExtentReport" name="@AfterMethod tearDown" time="0.0">
    <skipped/>
  </testcase> <!-- @AfterMethod tearDown -->
  <testcase classname="com.atmecs.ToolsninjaAutomation.extentReports.ExtentReport" name="@AfterMethod tearDown" time="0.0">
    <skipped/>
  </testcase> <!-- @AfterMethod tearDown -->
  <testcase classname="com.atmecs.ToolsninjaAutomation.extentReports.ExtentReport" name="@AfterMethod tearDown" time="0.0">
    <skipped/>
  </testcase> <!-- @AfterMethod tearDown -->
  <testcase classname="com.atmecs.ToolsninjaAutomation.extentReports.ExtentReport" name="@AfterMethod tearDown" time="0.0">
    <skipped/>
  </testcase> <!-- @AfterMethod tearDown -->
  <testcase classname="com.atmecs.ToolsninjaAutomation.extentReports.ExtentReport" name="@AfterMethod tearDown" time="0.0">
    <skipped/>
  </testcase> <!-- @AfterMethod tearDown -->
  <testcase classname="com.atmecs.ToolsninjaAutomation.extentReports.ExtentReport" name="@AfterMethod tearDown" time="0.0">
    <skipped/>
  </testcase> <!-- @AfterMethod tearDown -->
  <testcase classname="com.atmecs.ToolsninjaAutomation.extentReports.ExtentReport" name="@AfterMethod tearDown" time="0.0">
    <skipped/>
  </testcase> <!-- @AfterMethod tearDown -->
  <testcase classname="com.atmecs.ToolsninjaAutomation.extentReports.ExtentReport" name="@AfterMethod tearDown" time="0.0">
    <skipped/>
  </testcase> <!-- @AfterMethod tearDown -->
  <testcase classname="com.atmecs.ToolsninjaAutomation.extentReports.ExtentReport" name="@AfterMethod tearDown" time="0.0">
    <skipped/>
  </testcase> <!-- @AfterMethod tearDown -->
  <testcase classname="com.atmecs.ToolsninjaAutomation.extentReports.ExtentReport" name="@AfterMethod tearDown" time="0.0">
    <skipped/>
  </testcase> <!-- @AfterMethod tearDown -->
  <testcase classname="com.atmecs.ToolsninjaAutomation.extentReports.ExtentReport" name="@AfterMethod tearDown" time="0.0">
    <skipped/>
  </testcase> <!-- @AfterMethod tearDown -->
  <testcase classname="com.atmecs.ToolsninjaAutomation.extentReports.ExtentReport" name="@AfterMethod tearDown" time="0.0">
    <skipped/>
  </testcase> <!-- @AfterMethod tearDown -->
  <testcase classname="com.atmecs.ToolsninjaAutomation.extentReports.ExtentReport" name="@AfterMethod tearDown" time="0.0">
    <skipped/>
  </testcase> <!-- @AfterMethod tearDown -->
  <testcase classname="com.atmecs.ToolsninjaAutomation.extentReports.ExtentReport" name="@AfterMethod tearDown" time="0.0">
    <skipped/>
  </testcase> <!-- @AfterMethod tearDown -->
  <testcase classname="com.atmecs.ToolsninjaAutomation.extentReports.ExtentReport" name="@AfterMethod tearDown" time="0.0">
    <skipped/>
  </testcase> <!-- @AfterMethod tearDown -->
  <testcase classname="com.atmecs.ToolsninjaAutomation.extentReports.ExtentReport" name="@AfterMethod tearDown" time="0.0">
    <skipped/>
  </testcase> <!-- @AfterMethod tearDown -->
  <testcase classname="com.atmecs.ToolsninjaAutomation.extentReports.ExtentReport" name="@AfterMethod tearDown" time="0.0">
    <skipped/>
  </testcase> <!-- @AfterMethod tearDown -->
  <testcase classname="com.atmecs.ToolsninjaAutomation.extentReports.ExtentReport" name="@AfterMethod tearDown" time="0.0">
    <skipped/>
  </testcase> <!-- @AfterMethod tearDown -->
  <testcase classname="com.atmecs.ToolsninjaAutomation.extentReports.ExtentReport" name="@AfterMethod tearDown" time="0.0">
    <skipped/>
  </testcase> <!-- @AfterMethod tearDown -->
  <testcase classname="com.atmecs.ToolsninjaAutomation.extentReports.ExtentReport" name="@AfterMethod tearDown" time="0.0">
    <skipped/>
  </testcase> <!-- @AfterMethod tearDown -->
  <testcase classname="com.atmecs.ToolsninjaAutomation.extentReports.ExtentReport" name="@AfterMethod tearDown" time="0.0">
    <skipped/>
  </testcase> <!-- @AfterMethod tearDown -->
  <testcase classname="com.atmecs.ToolsninjaAutomation.extentReports.ExtentReport" name="@AfterMethod tearDown" time="0.0">
    <skipped/>
  </testcase> <!-- @AfterMethod tearDown -->
  <testcase classname="com.atmecs.ToolsninjaAutomation.extentReports.ExtentReport" name="@AfterMethod tearDown" time="0.0">
    <skipped/>
  </testcase> <!-- @AfterMethod tearDown -->
  <testcase classname="com.atmecs.ToolsninjaAutomation.extentReports.ExtentReport" name="@AfterMethod tearDown" time="0.0">
    <skipped/>
  </testcase> <!-- @AfterMethod tearDown -->
  <testcase classname="com.atmecs.ToolsninjaAutomation.extentReports.ExtentReport" name="@AfterMethod tearDown" time="0.0">
    <skipped/>
  </testcase> <!-- @AfterMethod tearDown -->
  <testcase classname="com.atmecs.ToolsninjaAutomation.extentReports.ExtentReport" name="@AfterMethod tearDown" time="0.0">
    <skipped/>
  </testcase> <!-- @AfterMethod tearDown -->
  <testcase classname="com.atmecs.ToolsninjaAutomation.extentReports.ExtentReport" name="@AfterMethod tearDown" time="0.0">
    <skipped/>
  </testcase> <!-- @AfterMethod tearDown -->
  <testcase classname="com.atmecs.ToolsninjaAutomation.extentReports.ExtentReport" name="@AfterMethod tearDown" time="0.0">
    <skipped/>
  </testcase> <!-- @AfterMethod tearDown -->
  <testcase classname="com.atmecs.ToolsninjaAutomation.extentReports.ExtentReport" name="@AfterMethod tearDown" time="0.0">
    <skipped/>
  </testcase> <!-- @AfterMethod tearDown -->
  <testcase classname="com.atmecs.ToolsninjaAutomation.extentReports.ExtentReport" name="@AfterMethod tearDown" time="0.0">
    <skipped/>
  </testcase> <!-- @AfterMethod tearDown -->
  <testcase classname="com.atmecs.ToolsninjaAutomation.extentReports.ExtentReport" name="@AfterMethod tearDown" time="0.0">
    <skipped/>
  </testcase> <!-- @AfterMethod tearDown -->
  <testcase classname="com.atmecs.ToolsninjaAutomation.extentReports.ExtentReport" name="@AfterMethod tearDown" time="0.0">
    <skipped/>
  </testcase> <!-- @AfterMethod tearDown -->
  <testcase classname="com.atmecs.ToolsninjaAutomation.extentReports.ExtentReport" name="@AfterMethod tearDown" time="0.0">
    <skipped/>
  </testcase> <!-- @AfterMethod tearDown -->
  <testcase classname="com.atmecs.ToolsninjaAutomation.extentReports.ExtentReport" name="@AfterMethod tearDown" time="0.0">
    <skipped/>
  </testcase> <!-- @AfterMethod tearDown -->
  <testcase classname="com.atmecs.ToolsninjaAutomation.extentReports.ExtentReport" name="@AfterMethod tearDown" time="0.0">
    <skipped/>
  </testcase> <!-- @AfterMethod tearDown -->
  <testcase classname="com.atmecs.ToolsninjaAutomation.extentReports.ExtentReport" name="@AfterMethod tearDown" time="0.0">
    <skipped/>
  </testcase> <!-- @AfterMethod tearDown -->
  <testcase classname="com.atmecs.ToolsninjaAutomation.extentReports.ExtentReport" name="@AfterMethod tearDown" time="0.0">
    <skipped/>
  </testcase> <!-- @AfterMethod tearDown -->
  <testcase classname="com.atmecs.ToolsninjaAutomation.extentReports.ExtentReport" name="@AfterMethod tearDown" time="0.0">
    <skipped/>
  </testcase> <!-- @AfterMethod tearDown -->
  <testcase classname="com.atmecs.ToolsninjaAutomation.extentReports.ExtentReport" name="@AfterMethod tearDown" time="0.0">
    <skipped/>
  </testcase> <!-- @AfterMethod tearDown -->
  <testcase classname="com.atmecs.ToolsninjaAutomation.extentReports.ExtentReport" name="@AfterMethod tearDown" time="0.0">
    <skipped/>
  </testcase> <!-- @AfterMethod tearDown -->
  <testcase classname="com.atmecs.ToolsninjaAutomation.extentReports.ExtentReport" name="@AfterMethod tearDown" time="0.0">
    <skipped/>
  </testcase> <!-- @AfterMethod tearDown -->
  <testcase classname="com.atmecs.ToolsninjaAutomation.extentReports.ExtentReport" name="@AfterMethod tearDown" time="0.0">
    <skipped/>
  </testcase> <!-- @AfterMethod tearDown -->
  <testcase classname="com.atmecs.ToolsninjaAutomation.extentReports.ExtentReport" name="@AfterMethod tearDown" time="0.0">
    <skipped/>
  </testcase> <!-- @AfterMethod tearDown -->
  <testcase classname="com.atmecs.ToolsninjaAutomation.extentReports.ExtentReport" name="@AfterMethod tearDown" time="0.0">
    <skipped/>
  </testcase> <!-- @AfterMethod tearDown -->
  <testcase classname="com.atmecs.ToolsninjaAutomation.extentReports.ExtentReport" name="@AfterMethod tearDown" time="0.0">
    <skipped/>
  </testcase> <!-- @AfterMethod tearDown -->
  <testcase classname="com.atmecs.ToolsninjaAutomation.extentReports.ExtentReport" name="@AfterMethod tearDown" time="0.0">
    <skipped/>
  </testcase> <!-- @AfterMethod tearDown -->
  <testcase classname="com.atmecs.ToolsninjaAutomation.extentReports.ExtentReport" name="@AfterMethod tearDown" time="0.0">
    <skipped/>
  </testcase> <!-- @AfterMethod tearDown -->
  <testcase classname="com.atmecs.ToolsninjaAutomation.extentReports.ExtentReport" name="@AfterMethod tearDown" time="0.0">
    <skipped/>
  </testcase> <!-- @AfterMethod tearDown -->
  <testcase classname="com.atmecs.ToolsninjaAutomation.extentReports.ExtentReport" name="@AfterMethod tearDown" time="0.0">
    <skipped/>
  </testcase> <!-- @AfterMethod tearDown -->
  <testcase classname="com.atmecs.ToolsninjaAutomation.extentReports.ExtentReport" name="@AfterMethod tearDown" time="0.0">
    <skipped/>
  </testcase> <!-- @AfterMethod tearDown -->
  <testcase classname="com.atmecs.ToolsninjaAutomation.extentReports.ExtentReport" name="@AfterMethod tearDown" time="0.0">
    <skipped/>
  </testcase> <!-- @AfterMethod tearDown -->
  <testcase classname="com.atmecs.ToolsninjaAutomation.extentReports.ExtentReport" name="@AfterMethod tearDown" time="0.0">
    <skipped/>
  </testcase> <!-- @AfterMethod tearDown -->
  <testcase classname="com.atmecs.ToolsninjaAutomation.extentReports.ExtentReport" name="@AfterMethod tearDown" time="0.0">
    <skipped/>
  </testcase> <!-- @AfterMethod tearDown -->
  <testcase classname="com.atmecs.ToolsninjaAutomation.extentReports.ExtentReport" name="@AfterMethod tearDown" time="0.0">
    <skipped/>
  </testcase> <!-- @AfterMethod tearDown -->
  <testcase classname="com.atmecs.ToolsninjaAutomation.extentReports.ExtentReport" name="@AfterMethod tearDown" time="0.0">
    <skipped/>
  </testcase> <!-- @AfterMethod tearDown -->
  <testcase classname="com.atmecs.ToolsninjaAutomation.extentReports.ExtentReport" name="@AfterMethod tearDown" time="0.0">
    <skipped/>
  </testcase> <!-- @AfterMethod tearDown -->
  <testcase classname="com.atmecs.ToolsninjaAutomation.extentReports.ExtentReport" name="@AfterMethod tearDown" time="0.0">
    <skipped/>
  </testcase> <!-- @AfterMethod tearDown -->
  <testcase classname="com.atmecs.ToolsninjaAutomation.extentReports.ExtentReport" name="@AfterMethod tearDown" time="0.0">
    <skipped/>
  </testcase> <!-- @AfterMethod tearDown -->
  <testcase classname="com.atmecs.ToolsninjaAutomation.extentReports.ExtentReport" name="@AfterMethod tearDown" time="0.0">
    <skipped/>
  </testcase> <!-- @AfterMethod tearDown -->
  <testcase classname="com.atmecs.ToolsninjaAutomation.extentReports.ExtentReport" name="@AfterMethod tearDown" time="0.0">
    <skipped/>
  </testcase> <!-- @AfterMethod tearDown -->
  <testcase classname="com.atmecs.ToolsninjaAutomation.extentReports.ExtentReport" name="@AfterMethod tearDown" time="0.0">
    <skipped/>
  </testcase> <!-- @AfterMethod tearDown -->
  <testcase classname="com.atmecs.ToolsninjaAutomation.extentReports.ExtentReport" name="@AfterMethod tearDown" time="0.0">
    <skipped/>
  </testcase> <!-- @AfterMethod tearDown -->
  <testcase classname="com.atmecs.ToolsninjaAutomation.extentReports.ExtentReport" name="@AfterMethod tearDown" time="0.0">
    <skipped/>
  </testcase> <!-- @AfterMethod tearDown -->
  <testcase classname="com.atmecs.ToolsninjaAutomation.extentReports.ExtentReport" name="@AfterMethod tearDown" time="0.0">
    <skipped/>
  </testcase> <!-- @AfterMethod tearDown -->
  <testcase classname="com.atmecs.ToolsninjaAutomation.extentReports.ExtentReport" name="@AfterMethod tearDown" time="0.0">
    <skipped/>
  </testcase> <!-- @AfterMethod tearDown -->
  <testcase classname="com.atmecs.ToolsninjaAutomation.extentReports.ExtentReport" name="@AfterMethod tearDown" time="0.0">
    <skipped/>
  </testcase> <!-- @AfterMethod tearDown -->
  <testcase classname="com.atmecs.ToolsninjaAutomation.extentReports.ExtentReport" name="@AfterMethod tearDown" time="0.0">
    <skipped/>
  </testcase> <!-- @AfterMethod tearDown -->
  <testcase classname="com.atmecs.ToolsninjaAutomation.extentReports.ExtentReport" name="@AfterMethod tearDown" time="0.0">
    <skipped/>
  </testcase> <!-- @AfterMethod tearDown -->
  <testcase classname="com.atmecs.ToolsninjaAutomation.extentReports.ExtentReport" name="@AfterMethod tearDown" time="0.0">
    <skipped/>
  </testcase> <!-- @AfterMethod tearDown -->
  <testcase classname="com.atmecs.ToolsninjaAutomation.extentReports.ExtentReport" name="@AfterMethod tearDown" time="0.0">
    <skipped/>
  </testcase> <!-- @AfterMethod tearDown -->
  <testcase classname="com.atmecs.ToolsninjaAutomation.extentReports.ExtentReport" name="@AfterMethod tearDown" time="0.0">
    <skipped/>
  </testcase> <!-- @AfterMethod tearDown -->
  <testcase classname="com.atmecs.ToolsninjaAutomation.extentReports.ExtentReport" name="@AfterMethod tearDown" time="0.0">
    <skipped/>
  </testcase> <!-- @AfterMethod tearDown -->
  <testcase classname="com.atmecs.ToolsninjaAutomation.extentReports.ExtentReport" name="@AfterMethod tearDown" time="0.0">
    <skipped/>
  </testcase> <!-- @AfterMethod tearDown -->
  <testcase classname="com.atmecs.ToolsninjaAutomation.extentReports.ExtentReport" name="@AfterMethod tearDown" time="0.0">
    <skipped/>
  </testcase> <!-- @AfterMethod tearDown -->
  <testcase classname="com.atmecs.ToolsninjaAutomation.extentReports.ExtentReport" name="@AfterMethod tearDown" time="0.0">
    <skipped/>
  </testcase> <!-- @AfterMethod tearDown -->
  <testcase classname="com.atmecs.ToolsninjaAutomation.extentReports.ExtentReport" name="@AfterMethod tearDown" time="0.0">
    <skipped/>
  </testcase> <!-- @AfterMethod tearDown -->
  <testcase classname="com.atmecs.ToolsninjaAutomation.extentReports.ExtentReport" name="@AfterMethod tearDown" time="0.0">
    <skipped/>
  </testcase> <!-- @AfterMethod tearDown -->
  <testcase classname="com.atmecs.ToolsninjaAutomation.extentReports.ExtentReport" name="@AfterMethod tearDown" time="0.0">
    <skipped/>
  </testcase> <!-- @AfterMethod tearDown -->
  <testcase classname="com.atmecs.ToolsninjaAutomation.extentReports.ExtentReport" name="@AfterMethod tearDown" time="0.0">
    <skipped/>
  </testcase> <!-- @AfterMethod tearDown -->
  <testcase classname="com.atmecs.ToolsninjaAutomation.extentReports.ExtentReport" name="@AfterMethod tearDown" time="0.0">
    <skipped/>
  </testcase> <!-- @AfterMethod tearDown -->
  <testcase classname="com.atmecs.ToolsninjaAutomation.extentReports.ExtentReport" name="@AfterMethod tearDown" time="0.0">
    <skipped/>
  </testcase> <!-- @AfterMethod tearDown -->
  <testcase classname="com.atmecs.ToolsninjaAutomation.extentReports.ExtentReport" name="@AfterMethod tearDown" time="0.0">
    <skipped/>
  </testcase> <!-- @AfterMethod tearDown -->
  <testcase classname="com.atmecs.ToolsninjaAutomation.extentReports.ExtentReport" name="@AfterMethod tearDown" time="0.0">
    <skipped/>
  </testcase> <!-- @AfterMethod tearDown -->
  <testcase classname="com.atmecs.ToolsninjaAutomation.extentReports.ExtentReport" name="@AfterMethod tearDown" time="0.0">
    <skipped/>
  </testcase> <!-- @AfterMethod tearDown -->
  <testcase classname="com.atmecs.ToolsninjaAutomation.extentReports.ExtentReport" name="@AfterMethod tearDown" time="0.0">
    <skipped/>
  </testcase> <!-- @AfterMethod tearDown -->
  <testcase classname="com.atmecs.ToolsninjaAutomation.extentReports.ExtentReport" name="@AfterMethod tearDown" time="0.0">
    <skipped/>
  </testcase> <!-- @AfterMethod tearDown -->
  <testcase classname="com.atmecs.ToolsninjaAutomation.extentReports.ExtentReport" name="@AfterMethod tearDown" time="0.0">
    <skipped/>
  </testcase> <!-- @AfterMethod tearDown -->
  <testcase classname="com.atmecs.ToolsninjaAutomation.extentReports.ExtentReport" name="@AfterMethod tearDown" time="0.0">
    <skipped/>
  </testcase> <!-- @AfterMethod tearDown -->
  <testcase classname="com.atmecs.ToolsninjaAutomation.extentReports.ExtentReport" name="@AfterMethod tearDown" time="0.0">
    <skipped/>
  </testcase> <!-- @AfterMethod tearDown -->
  <testcase classname="com.atmecs.ToolsninjaAutomation.extentReports.ExtentReport" name="@AfterMethod tearDown" time="0.0">
    <skipped/>
  </testcase> <!-- @AfterMethod tearDown -->
  <testcase classname="com.atmecs.ToolsninjaAutomation.extentReports.ExtentReport" name="@AfterMethod tearDown" time="0.0">
    <skipped/>
  </testcase> <!-- @AfterMethod tearDown -->
  <testcase classname="com.atmecs.ToolsninjaAutomation.extentReports.ExtentReport" name="@AfterMethod tearDown" time="0.0">
    <skipped/>
  </testcase> <!-- @AfterMethod tearDown -->
  <testcase classname="com.atmecs.ToolsninjaAutomation.extentReports.ExtentReport" name="@AfterMethod tearDown" time="0.0">
    <skipped/>
  </testcase> <!-- @AfterMethod tearDown -->
  <testcase classname="com.atmecs.ToolsninjaAutomation.extentReports.ExtentReport" name="@AfterMethod tearDown" time="0.0">
    <skipped/>
  </testcase> <!-- @AfterMethod tearDown -->
  <testcase classname="com.atmecs.ToolsninjaAutomation.extentReports.ExtentReport" name="@AfterMethod tearDown" time="0.0">
    <skipped/>
  </testcase> <!-- @AfterMethod tearDown -->
  <testcase classname="com.atmecs.ToolsninjaAutomation.extentReports.ExtentReport" name="@AfterMethod tearDown" time="0.0">
    <skipped/>
  </testcase> <!-- @AfterMethod tearDown -->
  <testcase classname="com.atmecs.ToolsninjaAutomation.extentReports.ExtentReport" name="@AfterMethod tearDown" time="0.0">
    <skipped/>
  </testcase> <!-- @AfterMethod tearDown -->
  <testcase classname="com.atmecs.ToolsninjaAutomation.extentReports.ExtentReport" name="@AfterMethod tearDown" time="0.0">
    <skipped/>
  </testcase> <!-- @AfterMethod tearDown -->
  <testcase classname="com.atmecs.ToolsninjaAutomation.extentReports.ExtentReport" name="@AfterMethod tearDown" time="0.0">
    <skipped/>
  </testcase> <!-- @AfterMethod tearDown -->
  <testcase classname="com.atmecs.ToolsninjaAutomation.extentReports.ExtentReport" name="@AfterMethod tearDown" time="0.0">
    <skipped/>
  </testcase> <!-- @AfterMethod tearDown -->
  <testcase classname="com.atmecs.ToolsninjaAutomation.extentReports.ExtentReport" name="@AfterMethod tearDown" time="0.0">
    <skipped/>
  </testcase> <!-- @AfterMethod tearDown -->
  <testcase classname="com.atmecs.ToolsninjaAutomation.extentReports.ExtentReport" name="@AfterMethod tearDown" time="0.0">
    <skipped/>
  </testcase> <!-- @AfterMethod tearDown -->
  <testcase classname="com.atmecs.ToolsninjaAutomation.extentReports.ExtentReport" name="@AfterMethod tearDown" time="0.0">
    <skipped/>
  </testcase> <!-- @AfterMethod tearDown -->
  <testcase classname="com.atmecs.ToolsninjaAutomation.extentReports.ExtentReport" name="@AfterMethod tearDown" time="0.0">
    <skipped/>
  </testcase> <!-- @AfterMethod tearDown -->
  <testcase classname="com.atmecs.ToolsninjaAutomation.extentReports.ExtentReport" name="@AfterMethod tearDown" time="0.0">
    <skipped/>
  </testcase> <!-- @AfterMethod tearDown -->
  <testcase classname="com.atmecs.ToolsninjaAutomation.extentReports.ExtentReport" name="@AfterMethod tearDown" time="0.0">
    <skipped/>
  </testcase> <!-- @AfterMethod tearDown -->
  <testcase classname="com.atmecs.ToolsninjaAutomation.extentReports.ExtentReport" name="@AfterMethod tearDown" time="0.0">
    <skipped/>
  </testcase> <!-- @AfterMethod tearDown -->
  <testcase classname="com.atmecs.ToolsninjaAutomation.extentReports.ExtentReport" name="@AfterMethod tearDown" time="0.0">
    <skipped/>
  </testcase> <!-- @AfterMethod tearDown -->
  <testcase classname="com.atmecs.ToolsninjaAutomation.extentReports.ExtentReport" name="@AfterMethod tearDown" time="0.0">
    <skipped/>
  </testcase> <!-- @AfterMethod tearDown -->
  <testcase classname="com.atmecs.ToolsninjaAutomation.extentReports.ExtentReport" name="@AfterMethod tearDown" time="0.0">
    <skipped/>
  </testcase> <!-- @AfterMethod tearDown -->
  <testcase classname="com.atmecs.ToolsninjaAutomation.extentReports.ExtentReport" name="@AfterMethod tearDown" time="0.0">
    <skipped/>
  </testcase> <!-- @AfterMethod tearDown -->
  <testcase classname="com.atmecs.ToolsninjaAutomation.extentReports.ExtentReport" name="@AfterMethod tearDown" time="0.0">
    <skipped/>
  </testcase> <!-- @AfterMethod tearDown -->
  <testcase classname="com.atmecs.ToolsninjaAutomation.extentReports.ExtentReport" name="@AfterMethod tearDown" time="0.0">
    <skipped/>
  </testcase> <!-- @AfterMethod tearDown -->
  <testcase classname="com.atmecs.ToolsninjaAutomation.extentReports.ExtentReport" name="@AfterMethod tearDown" time="0.0">
    <skipped/>
  </testcase> <!-- @AfterMethod tearDown -->
  <testcase classname="com.atmecs.ToolsninjaAutomation.extentReports.ExtentReport" name="@AfterMethod tearDown" time="0.0">
    <skipped/>
  </testcase> <!-- @AfterMethod tearDown -->
  <testcase classname="com.atmecs.ToolsninjaAutomation.extentReports.ExtentReport" name="@AfterMethod tearDown" time="0.0">
    <skipped/>
  </testcase> <!-- @AfterMethod tearDown -->
  <testcase classname="com.atmecs.ToolsninjaAutomation.extentReports.ExtentReport" name="@AfterMethod tearDown" time="0.0">
    <skipped/>
  </testcase> <!-- @AfterMethod tearDown -->
  <testcase classname="com.atmecs.ToolsninjaAutomation.extentReports.ExtentReport" name="@AfterMethod tearDown" time="0.0">
    <skipped/>
  </testcase> <!-- @AfterMethod tearDown -->
  <testcase classname="com.atmecs.ToolsninjaAutomation.extentReports.ExtentReport" name="@AfterMethod tearDown" time="0.0">
    <skipped/>
  </testcase> <!-- @AfterMethod tearDown -->
  <testcase classname="com.atmecs.ToolsninjaAutomation.extentReports.ExtentReport" name="@AfterMethod tearDown" time="0.0">
    <skipped/>
  </testcase> <!-- @AfterMethod tearDown -->
  <testcase classname="com.atmecs.ToolsninjaAutomation.extentReports.ExtentReport" name="@AfterMethod tearDown" time="0.0">
    <skipped/>
  </testcase> <!-- @AfterMethod tearDown -->
  <testcase classname="com.atmecs.ToolsninjaAutomation.extentReports.ExtentReport" name="@AfterMethod tearDown" time="0.0">
    <skipped/>
  </testcase> <!-- @AfterMethod tearDown -->
  <testcase classname="com.atmecs.ToolsninjaAutomation.extentReports.ExtentReport" name="@AfterMethod tearDown" time="0.0">
    <skipped/>
  </testcase> <!-- @AfterMethod tearDown -->
  <testcase classname="com.atmecs.ToolsninjaAutomation.extentReports.ExtentReport" name="@AfterMethod tearDown" time="0.0">
    <skipped/>
  </testcase> <!-- @AfterMethod tearDown -->
  <testcase classname="com.atmecs.ToolsninjaAutomation.extentReports.ExtentReport" name="@AfterMethod tearDown" time="0.0">
    <skipped/>
  </testcase> <!-- @AfterMethod tearDown -->
  <testcase classname="com.atmecs.ToolsninjaAutomation.extentReports.ExtentReport" name="@AfterMethod tearDown" time="0.0">
    <skipped/>
  </testcase> <!-- @AfterMethod tearDown -->
  <testcase classname="com.atmecs.ToolsninjaAutomation.extentReports.ExtentReport" name="@AfterMethod tearDown" time="0.0">
    <skipped/>
  </testcase> <!-- @AfterMethod tearDown -->
  <testcase classname="com.atmecs.ToolsninjaAutomation.extentReports.ExtentReport" name="@AfterMethod tearDown" time="0.0">
    <skipped/>
  </testcase> <!-- @AfterMethod tearDown -->
  <testcase classname="com.atmecs.ToolsninjaAutomation.extentReports.ExtentReport" name="@AfterMethod tearDown" time="0.0">
    <skipped/>
  </testcase> <!-- @AfterMethod tearDown -->
  <testcase classname="com.atmecs.ToolsninjaAutomation.extentReports.ExtentReport" name="@AfterMethod tearDown" time="0.0">
    <skipped/>
  </testcase> <!-- @AfterMethod tearDown -->
  <testcase classname="com.atmecs.ToolsninjaAutomation.extentReports.ExtentReport" name="@AfterMethod tearDown" time="0.0">
    <skipped/>
  </testcase> <!-- @AfterMethod tearDown -->
  <testcase classname="com.atmecs.ToolsninjaAutomation.extentReports.ExtentReport" name="@AfterMethod tearDown" time="0.0">
    <skipped/>
  </testcase> <!-- @AfterMethod tearDown -->
  <testcase classname="com.atmecs.ToolsninjaAutomation.extentReports.ExtentReport" name="@AfterMethod tearDown" time="0.0">
    <skipped/>
  </testcase> <!-- @AfterMethod tearDown -->
  <testcase classname="com.atmecs.ToolsninjaAutomation.extentReports.ExtentReport" name="@AfterMethod tearDown" time="0.0">
    <skipped/>
  </testcase> <!-- @AfterMethod tearDown -->
  <testcase classname="com.atmecs.ToolsninjaAutomation.extentReports.ExtentReport" name="@AfterMethod tearDown" time="0.0">
    <skipped/>
  </testcase> <!-- @AfterMethod tearDown -->
  <testcase classname="com.atmecs.ToolsninjaAutomation.extentReports.ExtentReport" name="@AfterMethod tearDown" time="0.0">
    <skipped/>
  </testcase> <!-- @AfterMethod tearDown -->
  <testcase classname="com.atmecs.ToolsninjaAutomation.extentReports.ExtentReport" name="@AfterMethod tearDown" time="0.0">
    <skipped/>
  </testcase> <!-- @AfterMethod tearDown -->
  <testcase classname="com.atmecs.ToolsninjaAutomation.extentReports.ExtentReport" name="@AfterMethod tearDown" time="0.0">
    <skipped/>
  </testcase> <!-- @AfterMethod tearDown -->
  <testcase classname="com.atmecs.ToolsninjaAutomation.extentReports.ExtentReport" name="@AfterMethod tearDown" time="0.0">
    <skipped/>
  </testcase> <!-- @AfterMethod tearDown -->
  <testcase classname="com.atmecs.ToolsninjaAutomation.extentReports.ExtentReport" name="@AfterMethod tearDown" time="0.0">
    <skipped/>
  </testcase> <!-- @AfterMethod tearDown -->
  <testcase classname="com.atmecs.ToolsninjaAutomation.extentReports.ExtentReport" name="@AfterMethod tearDown" time="0.0">
    <skipped/>
  </testcase> <!-- @AfterMethod tearDown -->
  <testcase classname="com.atmecs.ToolsninjaAutomation.extentReports.ExtentReport" name="@AfterMethod tearDown" time="0.0">
    <skipped/>
  </testcase> <!-- @AfterMethod tearDown -->
  <testcase classname="com.atmecs.ToolsninjaAutomation.extentReports.ExtentReport" name="@AfterMethod tearDown" time="0.0">
    <skipped/>
  </testcase> <!-- @AfterMethod tearDown -->
  <testcase classname="com.atmecs.ToolsninjaAutomation.extentReports.ExtentReport" name="@AfterMethod tearDown" time="0.0">
    <skipped/>
  </testcase> <!-- @AfterMethod tearDown -->
  <testcase classname="com.atmecs.ToolsninjaAutomation.extentReports.ExtentReport" name="@AfterMethod tearDown" time="0.0">
    <skipped/>
  </testcase> <!-- @AfterMethod tearDown -->
  <testcase classname="com.atmecs.ToolsninjaAutomation.extentReports.ExtentReport" name="@AfterMethod tearDown" time="0.0">
    <skipped/>
  </testcase> <!-- @AfterMethod tearDown -->
  <testcase classname="com.atmecs.ToolsninjaAutomation.extentReports.ExtentReport" name="@AfterMethod tearDown" time="0.0">
    <skipped/>
  </testcase> <!-- @AfterMethod tearDown -->
  <testcase classname="com.atmecs.ToolsninjaAutomation.extentReports.ExtentReport" name="@AfterMethod tearDown" time="0.0">
    <skipped/>
  </testcase> <!-- @AfterMethod tearDown -->
  <testcase classname="com.atmecs.ToolsninjaAutomation.extentReports.ExtentReport" name="@AfterMethod tearDown" time="0.0">
    <skipped/>
  </testcase> <!-- @AfterMethod tearDown -->
  <testcase classname="com.atmecs.ToolsninjaAutomation.extentReports.ExtentReport" name="@AfterMethod tearDown" time="0.0">
    <skipped/>
  </testcase> <!-- @AfterMethod tearDown -->
  <testcase classname="com.atmecs.ToolsninjaAutomation.extentReports.ExtentReport" name="@AfterMethod tearDown" time="0.0">
    <skipped/>
  </testcase> <!-- @AfterMethod tearDown -->
  <testcase classname="com.atmecs.ToolsninjaAutomation.extentReports.ExtentReport" name="@AfterMethod tearDown" time="0.0">
    <skipped/>
  </testcase> <!-- @AfterMethod tearDown -->
  <testcase classname="com.atmecs.ToolsninjaAutomation.extentReports.ExtentReport" name="@AfterMethod tearDown" time="0.0">
    <skipped/>
  </testcase> <!-- @AfterMethod tearDown -->
  <testcase classname="com.atmecs.ToolsninjaAutomation.extentReports.ExtentReport" name="@AfterMethod tearDown" time="0.0">
    <skipped/>
  </testcase> <!-- @AfterMethod tearDown -->
  <testcase classname="com.atmecs.ToolsninjaAutomation.extentReports.ExtentReport" name="@AfterMethod tearDown" time="0.0">
    <skipped/>
  </testcase> <!-- @AfterMethod tearDown -->
  <testcase classname="com.atmecs.ToolsninjaAutomation.extentReports.ExtentReport" name="@AfterMethod tearDown" time="0.0">
    <skipped/>
  </testcase> <!-- @AfterMethod tearDown -->
  <testcase classname="com.atmecs.ToolsninjaAutomation.extentReports.ExtentReport" name="@AfterMethod tearDown" time="0.0">
    <skipped/>
  </testcase> <!-- @AfterMethod tearDown -->
  <testcase classname="com.atmecs.ToolsninjaAutomation.extentReports.ExtentReport" name="@AfterMethod tearDown" time="0.0">
    <skipped/>
  </testcase> <!-- @AfterMethod tearDown -->
  <testcase classname="com.atmecs.ToolsninjaAutomation.extentReports.ExtentReport" name="@AfterMethod tearDown" time="0.0">
    <skipped/>
  </testcase> <!-- @AfterMethod tearDown -->
  <testcase classname="com.atmecs.ToolsninjaAutomation.extentReports.ExtentReport" name="@AfterMethod tearDown" time="0.0">
    <skipped/>
  </testcase> <!-- @AfterMethod tearDown -->
  <testcase classname="com.atmecs.ToolsninjaAutomation.extentReports.ExtentReport" name="@AfterMethod tearDown" time="0.0">
    <skipped/>
  </testcase> <!-- @AfterMethod tearDown -->
  <testcase classname="com.atmecs.ToolsninjaAutomation.extentReports.ExtentReport" name="@AfterMethod tearDown" time="0.0">
    <skipped/>
  </testcase> <!-- @AfterMethod tearDown -->
  <testcase classname="com.atmecs.ToolsninjaAutomation.extentReports.ExtentReport" name="@AfterMethod tearDown" time="0.0">
    <skipped/>
  </testcase> <!-- @AfterMethod tearDown -->
  <testcase classname="com.atmecs.ToolsninjaAutomation.extentReports.ExtentReport" name="@AfterMethod tearDown" time="0.0">
    <skipped/>
  </testcase> <!-- @AfterMethod tearDown -->
  <testcase classname="com.atmecs.ToolsninjaAutomation.extentReports.ExtentReport" name="@AfterMethod tearDown" time="0.0">
    <skipped/>
  </testcase> <!-- @AfterMethod tearDown -->
  <testcase classname="com.atmecs.ToolsninjaAutomation.extentReports.ExtentReport" name="@AfterMethod tearDown" time="0.0">
    <skipped/>
  </testcase> <!-- @AfterMethod tearDown -->
  <testcase classname="com.atmecs.ToolsninjaAutomation.extentReports.ExtentReport" name="@AfterMethod tearDown" time="0.0">
    <skipped/>
  </testcase> <!-- @AfterMethod tearDown -->
  <testcase classname="com.atmecs.ToolsninjaAutomation.extentReports.ExtentReport" name="@AfterMethod tearDown" time="0.0">
    <skipped/>
  </testcase> <!-- @AfterMethod tearDown -->
  <testcase classname="com.atmecs.ToolsninjaAutomation.extentReports.ExtentReport" name="@AfterMethod tearDown" time="0.0">
    <skipped/>
  </testcase> <!-- @AfterMethod tearDown -->
  <testcase classname="com.atmecs.ToolsninjaAutomation.extentReports.ExtentReport" name="@AfterMethod tearDown" time="0.0">
    <skipped/>
  </testcase> <!-- @AfterMethod tearDown -->
  <testcase classname="com.atmecs.ToolsninjaAutomation.extentReports.ExtentReport" name="@AfterMethod tearDown" time="0.0">
    <skipped/>
  </testcase> <!-- @AfterMethod tearDown -->
  <testcase classname="com.atmecs.ToolsninjaAutomation.extentReports.ExtentReport" name="@AfterMethod tearDown" time="0.0">
    <skipped/>
  </testcase> <!-- @AfterMethod tearDown -->
  <testcase classname="com.atmecs.ToolsninjaAutomation.extentReports.ExtentReport" name="@AfterMethod tearDown" time="0.0">
    <skipped/>
  </testcase> <!-- @AfterMethod tearDown -->
  <testcase classname="com.atmecs.ToolsninjaAutomation.extentReports.ExtentReport" name="@AfterMethod tearDown" time="0.0">
    <skipped/>
  </testcase> <!-- @AfterMethod tearDown -->
  <testcase classname="com.atmecs.ToolsninjaAutomation.extentReports.ExtentReport" name="@AfterMethod tearDown" time="0.0">
    <skipped/>
  </testcase> <!-- @AfterMethod tearDown -->
  <testcase classname="com.atmecs.ToolsninjaAutomation.extentReports.ExtentReport" name="@AfterMethod tearDown" time="0.0">
    <skipped/>
  </testcase> <!-- @AfterMethod tearDown -->
  <testcase classname="com.atmecs.ToolsninjaAutomation.extentReports.ExtentReport" name="@AfterMethod tearDown" time="0.0">
    <skipped/>
  </testcase> <!-- @AfterMethod tearDown -->
  <testcase classname="com.atmecs.ToolsninjaAutomation.extentReports.ExtentReport" name="@AfterMethod tearDown" time="0.0">
    <skipped/>
  </testcase> <!-- @AfterMethod tearDown -->
  <testcase classname="com.atmecs.ToolsninjaAutomation.extentReports.ExtentReport" name="@AfterMethod tearDown" time="0.0">
    <skipped/>
  </testcase> <!-- @AfterMethod tearDown -->
  <testcase classname="com.atmecs.ToolsninjaAutomation.extentReports.ExtentReport" name="@AfterMethod tearDown" time="0.0">
    <skipped/>
  </testcase> <!-- @AfterMethod tearDown -->
  <testcase classname="com.atmecs.ToolsninjaAutomation.extentReports.ExtentReport" name="@AfterMethod tearDown" time="0.0">
    <skipped/>
  </testcase> <!-- @AfterMethod tearDown -->
  <testcase classname="com.atmecs.ToolsninjaAutomation.extentReports.ExtentReport" name="@AfterMethod tearDown" time="0.0">
    <skipped/>
  </testcase> <!-- @AfterMethod tearDown -->
  <testcase classname="com.atmecs.ToolsninjaAutomation.extentReports.ExtentReport" name="@AfterMethod tearDown" time="0.0">
    <skipped/>
  </testcase> <!-- @AfterMethod tearDown -->
  <testcase classname="com.atmecs.ToolsninjaAutomation.extentReports.ExtentReport" name="@AfterMethod tearDown" time="0.0">
    <skipped/>
  </testcase> <!-- @AfterMethod tearDown -->
  <testcase classname="com.atmecs.ToolsninjaAutomation.extentReports.ExtentReport" name="@AfterMethod tearDown" time="0.0">
    <skipped/>
  </testcase> <!-- @AfterMethod tearDown -->
  <testcase classname="com.atmecs.ToolsninjaAutomation.extentReports.ExtentReport" name="@AfterMethod tearDown" time="0.0">
    <skipped/>
  </testcase> <!-- @AfterMethod tearDown -->
  <testcase classname="com.atmecs.ToolsninjaAutomation.extentReports.ExtentReport" name="@AfterMethod tearDown" time="0.0">
    <skipped/>
  </testcase> <!-- @AfterMethod tearDown -->
  <testcase classname="com.atmecs.ToolsninjaAutomation.extentReports.ExtentReport" name="@AfterMethod tearDown" time="0.0">
    <skipped/>
  </testcase> <!-- @AfterMethod tearDown -->
  <testcase classname="com.atmecs.ToolsninjaAutomation.extentReports.ExtentReport" name="@AfterMethod tearDown" time="0.0">
    <skipped/>
  </testcase> <!-- @AfterMethod tearDown -->
  <testcase classname="com.atmecs.ToolsninjaAutomation.extentReports.ExtentReport" name="@AfterMethod tearDown" time="0.0">
    <skipped/>
  </testcase> <!-- @AfterMethod tearDown -->
  <testcase classname="com.atmecs.ToolsninjaAutomation.extentReports.ExtentReport" name="@AfterMethod tearDown" time="0.0">
    <skipped/>
  </testcase> <!-- @AfterMethod tearDown -->
  <testcase classname="com.atmecs.ToolsninjaAutomation.extentReports.ExtentReport" name="@AfterMethod tearDown" time="0.0">
    <skipped/>
  </testcase> <!-- @AfterMethod tearDown -->
  <testcase classname="com.atmecs.ToolsninjaAutomation.extentReports.ExtentReport" name="@AfterMethod tearDown" time="0.0">
    <skipped/>
  </testcase> <!-- @AfterMethod tearDown -->
  <testcase classname="com.atmecs.ToolsninjaAutomation.extentReports.ExtentReport" name="@AfterMethod tearDown" time="0.0">
    <skipped/>
  </testcase> <!-- @AfterMethod tearDown -->
  <testcase classname="com.atmecs.ToolsninjaAutomation.extentReports.ExtentReport" name="@AfterMethod tearDown" time="0.0">
    <skipped/>
  </testcase> <!-- @AfterMethod tearDown -->
  <testcase classname="com.atmecs.ToolsninjaAutomation.extentReports.ExtentReport" name="@AfterMethod tearDown" time="0.0">
    <skipped/>
  </testcase> <!-- @AfterMethod tearDown -->
  <testcase classname="com.atmecs.ToolsninjaAutomation.extentReports.ExtentReport" name="@AfterMethod tearDown" time="0.0">
    <skipped/>
  </testcase> <!-- @AfterMethod tearDown -->
  <testcase classname="com.atmecs.ToolsninjaAutomation.extentReports.ExtentReport" name="@AfterMethod tearDown" time="0.0">
    <skipped/>
  </testcase> <!-- @AfterMethod tearDown -->
  <testcase classname="com.atmecs.ToolsninjaAutomation.extentReports.ExtentReport" name="@AfterMethod tearDown" time="0.0">
    <skipped/>
  </testcase> <!-- @AfterMethod tearDown -->
  <testcase classname="com.atmecs.ToolsninjaAutomation.extentReports.ExtentReport" name="@AfterMethod tearDown" time="0.0">
    <skipped/>
  </testcase> <!-- @AfterMethod tearDown -->
  <testcase classname="com.atmecs.ToolsninjaAutomation.extentReports.ExtentReport" name="@AfterMethod tearDown" time="0.0">
    <skipped/>
  </testcase> <!-- @AfterMethod tearDown -->
  <testcase classname="com.atmecs.ToolsninjaAutomation.extentReports.ExtentReport" name="@AfterMethod tearDown" time="0.0">
    <skipped/>
  </testcase> <!-- @AfterMethod tearDown -->
  <testcase classname="com.atmecs.ToolsninjaAutomation.extentReports.ExtentReport" name="@AfterMethod tearDown" time="0.0">
    <skipped/>
  </testcase> <!-- @AfterMethod tearDown -->
  <testcase classname="com.atmecs.ToolsninjaAutomation.extentReports.ExtentReport" name="@AfterMethod tearDown" time="0.0">
    <skipped/>
  </testcase> <!-- @AfterMethod tearDown -->
  <testcase classname="com.atmecs.ToolsninjaAutomation.extentReports.ExtentReport" name="@AfterMethod tearDown" time="0.0">
    <skipped/>
  </testcase> <!-- @AfterMethod tearDown -->
  <testcase classname="com.atmecs.ToolsninjaAutomation.extentReports.ExtentReport" name="@AfterMethod tearDown" time="0.0">
    <skipped/>
  </testcase> <!-- @AfterMethod tearDown -->
  <testcase classname="com.atmecs.ToolsninjaAutomation.extentReports.ExtentReport" name="@AfterMethod tearDown" time="0.0">
    <skipped/>
  </testcase> <!-- @AfterMethod tearDown -->
  <testcase classname="com.atmecs.ToolsninjaAutomation.extentReports.ExtentReport" name="@AfterMethod tearDown" time="0.0">
    <skipped/>
  </testcase> <!-- @AfterMethod tearDown -->
  <testcase classname="com.atmecs.ToolsninjaAutomation.testScripts.HomePagetestscripts" name="homePageRedirection" time="0.007">
    <failure type="java.lang.Error" message="Unresolved compilation problem: 
	Cannot make a static reference to the non-static field driver
">
      <![CDATA[java.lang.Error: Unresolved compilation problem: 
Cannot make a static reference to the non-static field driver

at com.atmecs.ToolsninjaAutomation.helpers.WebUtility.getTitle(WebUtility.java:220)
at com.atmecs.ToolsninjaAutomation.pages.HomePage.isRedirectionCorrect(HomePage.java:24)
at com.atmecs.ToolsninjaAutomation.testScripts.HomePagetestscripts.homePageRedirection(HomePagetestscripts.java:32)
at java.base/java.util.concurrent.FutureTask.run(FutureTask.java:264)
at java.base/java.util.concurrent.ThreadPoolExecutor.runWorker(ThreadPoolExecutor.java:1128)
at java.base/java.util.concurrent.ThreadPoolExecutor$Worker.run(ThreadPoolExecutor.java:628)
at java.base/java.lang.Thread.run(Thread.java:835)
... Removed 16 stack frames]]>
    </failure>
  </testcase> <!-- homePageRedirection -->
  <testcase classname="com.atmecs.ToolsninjaAutomation.testScripts.HomePagetestscripts" name="clickHeaderServices" time="0.001">
    <failure type="java.lang.Error" message="Unresolved compilation problem: 
	Cannot make a static reference to the non-static field driver
">
      <![CDATA[java.lang.Error: Unresolved compilation problem: 
Cannot make a static reference to the non-static field driver

at com.atmecs.ToolsninjaAutomation.helpers.WebUtility.clickElement(WebUtility.java:38)
at com.atmecs.ToolsninjaAutomation.testflow.HomePageFlow.clickHeader(HomePageFlow.java:21)
at com.atmecs.ToolsninjaAutomation.testScripts.HomePagetestscripts.clickHeaderServices(HomePagetestscripts.java:51)
at java.base/java.util.concurrent.FutureTask.run(FutureTask.java:264)
at java.base/java.util.concurrent.ThreadPoolExecutor.runWorker(ThreadPoolExecutor.java:1128)
at java.base/java.util.concurrent.ThreadPoolExecutor$Worker.run(ThreadPoolExecutor.java:628)
at java.base/java.lang.Thread.run(Thread.java:835)
... Removed 16 stack frames]]>
    </failure>
  </testcase> <!-- clickHeaderServices -->
  <testcase classname="com.atmecs.ToolsninjaAutomation.testScripts.HomePagetestscripts" name="validatefooterForServices" time="0.0">
    <failure type="java.lang.Error" message="Unresolved compilation problem: 
	Cannot make a static reference to the non-static field driver
">
      <![CDATA[java.lang.Error: Unresolved compilation problem: 
Cannot make a static reference to the non-static field driver

at com.atmecs.ToolsninjaAutomation.helpers.WebUtility.getText(WebUtility.java:99)
at com.atmecs.ToolsninjaAutomation.pages.HomePage.isFooterItemsPresent(HomePage.java:38)
at com.atmecs.ToolsninjaAutomation.testScripts.HomePagetestscripts.validatefooterForServices(HomePagetestscripts.java:42)
at java.base/java.util.concurrent.FutureTask.run(FutureTask.java:264)
at java.base/java.util.concurrent.ThreadPoolExecutor.runWorker(ThreadPoolExecutor.java:1128)
at java.base/java.util.concurrent.ThreadPoolExecutor$Worker.run(ThreadPoolExecutor.java:628)
at java.base/java.lang.Thread.run(Thread.java:835)
... Removed 15 stack frames]]>
    </failure>
  </testcase> <!-- validatefooterForServices -->
  <testcase classname="com.atmecs.ToolsninjaAutomation.testScripts.HomePagetestscripts" name="validatefooterForServices" time="0.0">
    <failure type="java.lang.Error" message="Unresolved compilation problem: 
	Cannot make a static reference to the non-static field driver
">
      <![CDATA[java.lang.Error: Unresolved compilation problem: 
Cannot make a static reference to the non-static field driver

at com.atmecs.ToolsninjaAutomation.helpers.WebUtility.getText(WebUtility.java:99)
at com.atmecs.ToolsninjaAutomation.pages.HomePage.isFooterItemsPresent(HomePage.java:38)
at com.atmecs.ToolsninjaAutomation.testScripts.HomePagetestscripts.validatefooterForServices(HomePagetestscripts.java:42)
at java.base/java.util.concurrent.FutureTask.run(FutureTask.java:264)
at java.base/java.util.concurrent.ThreadPoolExecutor.runWorker(ThreadPoolExecutor.java:1128)
at java.base/java.util.concurrent.ThreadPoolExecutor$Worker.run(ThreadPoolExecutor.java:628)
at java.base/java.lang.Thread.run(Thread.java:835)
... Removed 15 stack frames]]>
    </failure>
  </testcase> <!-- validatefooterForServices -->
  <testcase classname="com.atmecs.ToolsninjaAutomation.testScripts.HomePagetestscripts" name="validatefooterForServices" time="0.001">
    <failure type="java.lang.Error" message="Unresolved compilation problem: 
	Cannot make a static reference to the non-static field driver
">
      <![CDATA[java.lang.Error: Unresolved compilation problem: 
Cannot make a static reference to the non-static field driver

at com.atmecs.ToolsninjaAutomation.helpers.WebUtility.getText(WebUtility.java:99)
at com.atmecs.ToolsninjaAutomation.pages.HomePage.isFooterItemsPresent(HomePage.java:38)
at com.atmecs.ToolsninjaAutomation.testScripts.HomePagetestscripts.validatefooterForServices(HomePagetestscripts.java:42)
at java.base/java.util.concurrent.FutureTask.run(FutureTask.java:264)
at java.base/java.util.concurrent.ThreadPoolExecutor.runWorker(ThreadPoolExecutor.java:1128)
at java.base/java.util.concurrent.ThreadPoolExecutor$Worker.run(ThreadPoolExecutor.java:628)
at java.base/java.lang.Thread.run(Thread.java:835)
... Removed 15 stack frames]]>
    </failure>
  </testcase> <!-- validatefooterForServices -->
  <testcase classname="com.atmecs.ToolsninjaAutomation.testScripts.HomePagetestscripts" name="validatefooterForServices" time="0.0">
    <failure type="java.lang.Error" message="Unresolved compilation problem: 
	Cannot make a static reference to the non-static field driver
">
      <![CDATA[java.lang.Error: Unresolved compilation problem: 
Cannot make a static reference to the non-static field driver

at com.atmecs.ToolsninjaAutomation.helpers.WebUtility.getText(WebUtility.java:99)
at com.atmecs.ToolsninjaAutomation.pages.HomePage.isFooterItemsPresent(HomePage.java:38)
at com.atmecs.ToolsninjaAutomation.testScripts.HomePagetestscripts.validatefooterForServices(HomePagetestscripts.java:42)
at java.base/java.util.concurrent.FutureTask.run(FutureTask.java:264)
at java.base/java.util.concurrent.ThreadPoolExecutor.runWorker(ThreadPoolExecutor.java:1128)
at java.base/java.util.concurrent.ThreadPoolExecutor$Worker.run(ThreadPoolExecutor.java:628)
at java.base/java.lang.Thread.run(Thread.java:835)
... Removed 15 stack frames]]>
    </failure>
  </testcase> <!-- validatefooterForServices -->
  <testcase classname="com.atmecs.ToolsninjaAutomation.testScripts.HomePagetestscripts" name="validatefooterForServices" time="0.0">
    <failure type="java.lang.Error" message="Unresolved compilation problem: 
	Cannot make a static reference to the non-static field driver
">
      <![CDATA[java.lang.Error: Unresolved compilation problem: 
Cannot make a static reference to the non-static field driver

at com.atmecs.ToolsninjaAutomation.helpers.WebUtility.getText(WebUtility.java:99)
at com.atmecs.ToolsninjaAutomation.pages.HomePage.isFooterItemsPresent(HomePage.java:38)
at com.atmecs.ToolsninjaAutomation.testScripts.HomePagetestscripts.validatefooterForServices(HomePagetestscripts.java:42)
at java.base/java.util.concurrent.FutureTask.run(FutureTask.java:264)
at java.base/java.util.concurrent.ThreadPoolExecutor.runWorker(ThreadPoolExecutor.java:1128)
at java.base/java.util.concurrent.ThreadPoolExecutor$Worker.run(ThreadPoolExecutor.java:628)
at java.base/java.lang.Thread.run(Thread.java:835)
... Removed 15 stack frames]]>
    </failure>
  </testcase> <!-- validatefooterForServices -->
  <testcase classname="com.atmecs.ToolsninjaAutomation.testScripts.HomePagetestscripts" name="validatefooterForServices" time="0.0">
    <skipped/>
  </testcase> <!-- validatefooterForServices -->
  <testcase classname="com.atmecs.ToolsninjaAutomation.testScripts.HomePagetestscripts" name="validatefooterForServices" time="0.0">
    <skipped/>
  </testcase> <!-- validatefooterForServices -->
  <testcase classname="com.atmecs.ToolsninjaAutomation.testScripts.HomePagetestscripts" name="validatefooterForServices" time="0.0">
    <skipped/>
  </testcase> <!-- validatefooterForServices -->
  <testcase classname="com.atmecs.ToolsninjaAutomation.testScripts.HomePagetestscripts" name="validatefooterForServices" time="0.0">
    <skipped/>
  </testcase> <!-- validatefooterForServices -->
  <testcase classname="com.atmecs.ToolsninjaAutomation.testScripts.HomePagetestscripts" name="validatefooterForServices" time="0.0">
    <skipped/>
  </testcase> <!-- validatefooterForServices -->
  <testcase classname="com.atmecs.ToolsninjaAutomation.testScripts.HomePagetestscripts" name="validatefooterForServices" time="0.0">
    <skipped/>
  </testcase> <!-- validatefooterForServices -->
  <testcase classname="com.atmecs.ToolsninjaAutomation.testScripts.HomePagetestscripts" name="validatefooterForServices" time="0.0">
    <skipped/>
  </testcase> <!-- validatefooterForServices -->
  <testcase classname="com.atmecs.ToolsninjaAutomation.testScripts.HomePagetestscripts" name="validatefooterForServices" time="0.0">
    <skipped/>
  </testcase> <!-- validatefooterForServices -->
  <testcase classname="com.atmecs.ToolsninjaAutomation.testScripts.HomePagetestscripts" name="validatefooterForServices" time="0.0">
    <skipped/>
  </testcase> <!-- validatefooterForServices -->
  <testcase classname="com.atmecs.ToolsninjaAutomation.testScripts.HomePagetestscripts" name="validatefooterForServices" time="0.0">
    <skipped/>
  </testcase> <!-- validatefooterForServices -->
  <testcase classname="com.atmecs.ToolsninjaAutomation.testScripts.HomePagetestscripts" name="validatefooterForServices" time="0.0">
    <skipped/>
  </testcase> <!-- validatefooterForServices -->
  <testcase classname="com.atmecs.ToolsninjaAutomation.testScripts.HomePagetestscripts" name="validatefooterForServices" time="0.0">
    <skipped/>
  </testcase> <!-- validatefooterForServices -->
  <testcase classname="com.atmecs.ToolsninjaAutomation.testScripts.HomePagetestscripts" name="validatefooterForServices" time="0.0">
    <skipped/>
  </testcase> <!-- validatefooterForServices -->
  <testcase classname="com.atmecs.ToolsninjaAutomation.testScripts.HomePagetestscripts" name="validatefooterForServices" time="0.0">
    <skipped/>
  </testcase> <!-- validatefooterForServices -->
  <testcase classname="com.atmecs.ToolsninjaAutomation.testScripts.HomePagetestscripts" name="validatefooterForServices" time="0.0">
    <skipped/>
  </testcase> <!-- validatefooterForServices -->
  <testcase classname="com.atmecs.ToolsninjaAutomation.testScripts.HomePagetestscripts" name="validatefooterForServices" time="0.0">
    <skipped/>
  </testcase> <!-- validatefooterForServices -->
  <testcase classname="com.atmecs.ToolsninjaAutomation.testScripts.HomePagetestscripts" name="validatefooterForServices" time="0.0">
    <skipped/>
  </testcase> <!-- validatefooterForServices -->
  <testcase classname="com.atmecs.ToolsninjaAutomation.testScripts.HomePagetestscripts" name="validatefooterForServices" time="0.0">
    <skipped/>
  </testcase> <!-- validatefooterForServices -->
  <testcase classname="com.atmecs.ToolsninjaAutomation.testScripts.HomePagetestscripts" name="validatefooterForServices" time="0.0">
    <skipped/>
  </testcase> <!-- validatefooterForServices -->
  <testcase classname="com.atmecs.ToolsninjaAutomation.testScripts.HomePagetestscripts" name="validatefooterForServices" time="0.0">
    <skipped/>
  </testcase> <!-- validatefooterForServices -->
  <testcase classname="com.atmecs.ToolsninjaAutomation.testScripts.HomePagetestscripts" name="validatefooterForServices" time="0.0">
    <skipped/>
  </testcase> <!-- validatefooterForServices -->
  <testcase classname="com.atmecs.ToolsninjaAutomation.testScripts.HomePagetestscripts" name="validatefooterForServices" time="0.0">
    <skipped/>
  </testcase> <!-- validatefooterForServices -->
  <testcase classname="com.atmecs.ToolsninjaAutomation.testScripts.HomePagetestscripts" name="validatefooterForServices" time="0.0">
    <skipped/>
  </testcase> <!-- validatefooterForServices -->
  <testcase classname="com.atmecs.ToolsninjaAutomation.testScripts.HomePagetestscripts" name="validatefooterForServices" time="0.0">
    <skipped/>
  </testcase> <!-- validatefooterForServices -->
  <testcase classname="com.atmecs.ToolsninjaAutomation.testScripts.HomePagetestscripts" name="validatefooterForServices" time="0.0">
    <skipped/>
  </testcase> <!-- validatefooterForServices -->
  <testcase classname="com.atmecs.ToolsninjaAutomation.testScripts.HomePagetestscripts" name="clickHeaderCareers" time="0.0">
    <skipped/>
  </testcase> <!-- clickHeaderCareers -->
  <testcase classname="com.atmecs.ToolsninjaAutomation.testScripts.HomePagetestscripts" name="validatefooterForCareers" time="0.0">
    <skipped/>
  </testcase> <!-- validatefooterForCareers -->
  <testcase classname="com.atmecs.ToolsninjaAutomation.testScripts.HomePagetestscripts" name="validatefooterForCareers" time="0.0">
    <skipped/>
  </testcase> <!-- validatefooterForCareers -->
  <testcase classname="com.atmecs.ToolsninjaAutomation.testScripts.HomePagetestscripts" name="validatefooterForCareers" time="0.0">
    <skipped/>
  </testcase> <!-- validatefooterForCareers -->
  <testcase classname="com.atmecs.ToolsninjaAutomation.testScripts.HomePagetestscripts" name="validatefooterForCareers" time="0.0">
    <skipped/>
  </testcase> <!-- validatefooterForCareers -->
  <testcase classname="com.atmecs.ToolsninjaAutomation.testScripts.HomePagetestscripts" name="validatefooterForCareers" time="0.0">
    <skipped/>
  </testcase> <!-- validatefooterForCareers -->
  <testcase classname="com.atmecs.ToolsninjaAutomation.testScripts.HomePagetestscripts" name="validatefooterForCareers" time="0.0">
    <skipped/>
  </testcase> <!-- validatefooterForCareers -->
  <testcase classname="com.atmecs.ToolsninjaAutomation.testScripts.HomePagetestscripts" name="validatefooterForCareers" time="0.0">
    <skipped/>
  </testcase> <!-- validatefooterForCareers -->
  <testcase classname="com.atmecs.ToolsninjaAutomation.testScripts.HomePagetestscripts" name="validatefooterForCareers" time="0.0">
    <skipped/>
  </testcase> <!-- validatefooterForCareers -->
  <testcase classname="com.atmecs.ToolsninjaAutomation.testScripts.HomePagetestscripts" name="validatefooterForCareers" time="0.0">
    <skipped/>
  </testcase> <!-- validatefooterForCareers -->
  <testcase classname="com.atmecs.ToolsninjaAutomation.testScripts.HomePagetestscripts" name="validatefooterForCareers" time="0.0">
    <skipped/>
  </testcase> <!-- validatefooterForCareers -->
  <testcase classname="com.atmecs.ToolsninjaAutomation.testScripts.HomePagetestscripts" name="validatefooterForCareers" time="0.0">
    <skipped/>
  </testcase> <!-- validatefooterForCareers -->
  <testcase classname="com.atmecs.ToolsninjaAutomation.testScripts.HomePagetestscripts" name="validatefooterForCareers" time="0.0">
    <skipped/>
  </testcase> <!-- validatefooterForCareers -->
  <testcase classname="com.atmecs.ToolsninjaAutomation.testScripts.HomePagetestscripts" name="validatefooterForCareers" time="0.0">
    <skipped/>
  </testcase> <!-- validatefooterForCareers -->
  <testcase classname="com.atmecs.ToolsninjaAutomation.testScripts.HomePagetestscripts" name="validatefooterForCareers" time="0.0">
    <skipped/>
  </testcase> <!-- validatefooterForCareers -->
  <testcase classname="com.atmecs.ToolsninjaAutomation.testScripts.HomePagetestscripts" name="validatefooterForCareers" time="0.0">
    <skipped/>
  </testcase> <!-- validatefooterForCareers -->
  <testcase classname="com.atmecs.ToolsninjaAutomation.testScripts.HomePagetestscripts" name="validatefooterForCareers" time="0.0">
    <skipped/>
  </testcase> <!-- validatefooterForCareers -->
  <testcase classname="com.atmecs.ToolsninjaAutomation.testScripts.HomePagetestscripts" name="validatefooterForCareers" time="0.0">
    <skipped/>
  </testcase> <!-- validatefooterForCareers -->
  <testcase classname="com.atmecs.ToolsninjaAutomation.testScripts.HomePagetestscripts" name="validatefooterForCareers" time="0.0">
    <skipped/>
  </testcase> <!-- validatefooterForCareers -->
  <testcase classname="com.atmecs.ToolsninjaAutomation.testScripts.HomePagetestscripts" name="validatefooterForCareers" time="0.0">
    <skipped/>
  </testcase> <!-- validatefooterForCareers -->
  <testcase classname="com.atmecs.ToolsninjaAutomation.testScripts.HomePagetestscripts" name="validatefooterForCareers" time="0.0">
    <skipped/>
  </testcase> <!-- validatefooterForCareers -->
  <testcase classname="com.atmecs.ToolsninjaAutomation.testScripts.HomePagetestscripts" name="validatefooterForCareers" time="0.0">
    <skipped/>
  </testcase> <!-- validatefooterForCareers -->
  <testcase classname="com.atmecs.ToolsninjaAutomation.testScripts.HomePagetestscripts" name="validatefooterForCareers" time="0.0">
    <skipped/>
  </testcase> <!-- validatefooterForCareers -->
  <testcase classname="com.atmecs.ToolsninjaAutomation.testScripts.HomePagetestscripts" name="validatefooterForCareers" time="0.0">
    <skipped/>
  </testcase> <!-- validatefooterForCareers -->
  <testcase classname="com.atmecs.ToolsninjaAutomation.testScripts.HomePagetestscripts" name="validatefooterForCareers" time="0.0">
    <skipped/>
  </testcase> <!-- validatefooterForCareers -->
  <testcase classname="com.atmecs.ToolsninjaAutomation.testScripts.HomePagetestscripts" name="validatefooterForCareers" time="0.0">
    <skipped/>
  </testcase> <!-- validatefooterForCareers -->
  <testcase classname="com.atmecs.ToolsninjaAutomation.testScripts.HomePagetestscripts" name="validatefooterForCareers" time="0.0">
    <skipped/>
  </testcase> <!-- validatefooterForCareers -->
  <testcase classname="com.atmecs.ToolsninjaAutomation.testScripts.HomePagetestscripts" name="validatefooterForCareers" time="0.0">
    <skipped/>
  </testcase> <!-- validatefooterForCareers -->
  <testcase classname="com.atmecs.ToolsninjaAutomation.testScripts.HomePagetestscripts" name="validatefooterForCareers" time="0.0">
    <skipped/>
  </testcase> <!-- validatefooterForCareers -->
  <testcase classname="com.atmecs.ToolsninjaAutomation.testScripts.HomePagetestscripts" name="validatefooterForCareers" time="0.0">
    <skipped/>
  </testcase> <!-- validatefooterForCareers -->
  <testcase classname="com.atmecs.ToolsninjaAutomation.testScripts.HomePagetestscripts" name="validatefooterForCareers" time="0.0">
    <skipped/>
  </testcase> <!-- validatefooterForCareers -->
  <testcase classname="com.atmecs.ToolsninjaAutomation.testScripts.HomePagetestscripts" name="clickHeaderAboutUs" time="0.0">
    <skipped/>
  </testcase> <!-- clickHeaderAboutUs -->
  <testcase classname="com.atmecs.ToolsninjaAutomation.testScripts.HomePagetestscripts" name="validatefooterForAboutUs" time="0.0">
    <skipped/>
  </testcase> <!-- validatefooterForAboutUs -->
  <testcase classname="com.atmecs.ToolsninjaAutomation.testScripts.HomePagetestscripts" name="validatefooterForAboutUs" time="0.0">
    <skipped/>
  </testcase> <!-- validatefooterForAboutUs -->
  <testcase classname="com.atmecs.ToolsninjaAutomation.testScripts.HomePagetestscripts" name="validatefooterForAboutUs" time="0.0">
    <skipped/>
  </testcase> <!-- validatefooterForAboutUs -->
  <testcase classname="com.atmecs.ToolsninjaAutomation.testScripts.HomePagetestscripts" name="validatefooterForAboutUs" time="0.0">
    <skipped/>
  </testcase> <!-- validatefooterForAboutUs -->
  <testcase classname="com.atmecs.ToolsninjaAutomation.testScripts.HomePagetestscripts" name="validatefooterForAboutUs" time="0.0">
    <skipped/>
  </testcase> <!-- validatefooterForAboutUs -->
  <testcase classname="com.atmecs.ToolsninjaAutomation.testScripts.HomePagetestscripts" name="validatefooterForAboutUs" time="0.0">
    <skipped/>
  </testcase> <!-- validatefooterForAboutUs -->
  <testcase classname="com.atmecs.ToolsninjaAutomation.testScripts.HomePagetestscripts" name="validatefooterForAboutUs" time="0.0">
    <skipped/>
  </testcase> <!-- validatefooterForAboutUs -->
  <testcase classname="com.atmecs.ToolsninjaAutomation.testScripts.HomePagetestscripts" name="validatefooterForAboutUs" time="0.0">
    <skipped/>
  </testcase> <!-- validatefooterForAboutUs -->
  <testcase classname="com.atmecs.ToolsninjaAutomation.testScripts.HomePagetestscripts" name="validatefooterForAboutUs" time="0.0">
    <skipped/>
  </testcase> <!-- validatefooterForAboutUs -->
  <testcase classname="com.atmecs.ToolsninjaAutomation.testScripts.HomePagetestscripts" name="validatefooterForAboutUs" time="0.0">
    <skipped/>
  </testcase> <!-- validatefooterForAboutUs -->
  <testcase classname="com.atmecs.ToolsninjaAutomation.testScripts.HomePagetestscripts" name="validatefooterForAboutUs" time="0.0">
    <skipped/>
  </testcase> <!-- validatefooterForAboutUs -->
  <testcase classname="com.atmecs.ToolsninjaAutomation.testScripts.HomePagetestscripts" name="validatefooterForAboutUs" time="0.0">
    <skipped/>
  </testcase> <!-- validatefooterForAboutUs -->
  <testcase classname="com.atmecs.ToolsninjaAutomation.testScripts.HomePagetestscripts" name="validatefooterForAboutUs" time="0.0">
    <skipped/>
  </testcase> <!-- validatefooterForAboutUs -->
  <testcase classname="com.atmecs.ToolsninjaAutomation.testScripts.HomePagetestscripts" name="validatefooterForAboutUs" time="0.0">
    <skipped/>
  </testcase> <!-- validatefooterForAboutUs -->
  <testcase classname="com.atmecs.ToolsninjaAutomation.testScripts.HomePagetestscripts" name="validatefooterForAboutUs" time="0.0">
    <skipped/>
  </testcase> <!-- validatefooterForAboutUs -->
  <testcase classname="com.atmecs.ToolsninjaAutomation.testScripts.HomePagetestscripts" name="validatefooterForAboutUs" time="0.0">
    <skipped/>
  </testcase> <!-- validatefooterForAboutUs -->
  <testcase classname="com.atmecs.ToolsninjaAutomation.testScripts.HomePagetestscripts" name="validatefooterForAboutUs" time="0.0">
    <skipped/>
  </testcase> <!-- validatefooterForAboutUs -->
  <testcase classname="com.atmecs.ToolsninjaAutomation.testScripts.HomePagetestscripts" name="validatefooterForAboutUs" time="0.0">
    <skipped/>
  </testcase> <!-- validatefooterForAboutUs -->
  <testcase classname="com.atmecs.ToolsninjaAutomation.testScripts.HomePagetestscripts" name="validatefooterForAboutUs" time="0.0">
    <skipped/>
  </testcase> <!-- validatefooterForAboutUs -->
  <testcase classname="com.atmecs.ToolsninjaAutomation.testScripts.HomePagetestscripts" name="validatefooterForAboutUs" time="0.0">
    <skipped/>
  </testcase> <!-- validatefooterForAboutUs -->
  <testcase classname="com.atmecs.ToolsninjaAutomation.testScripts.HomePagetestscripts" name="validatefooterForAboutUs" time="0.0">
    <skipped/>
  </testcase> <!-- validatefooterForAboutUs -->
  <testcase classname="com.atmecs.ToolsninjaAutomation.testScripts.HomePagetestscripts" name="validatefooterForAboutUs" time="0.0">
    <skipped/>
  </testcase> <!-- validatefooterForAboutUs -->
  <testcase classname="com.atmecs.ToolsninjaAutomation.testScripts.HomePagetestscripts" name="validatefooterForAboutUs" time="0.0">
    <skipped/>
  </testcase> <!-- validatefooterForAboutUs -->
  <testcase classname="com.atmecs.ToolsninjaAutomation.testScripts.HomePagetestscripts" name="validatefooterForAboutUs" time="0.0">
    <skipped/>
  </testcase> <!-- validatefooterForAboutUs -->
  <testcase classname="com.atmecs.ToolsninjaAutomation.testScripts.HomePagetestscripts" name="validatefooterForAboutUs" time="0.0">
    <skipped/>
  </testcase> <!-- validatefooterForAboutUs -->
  <testcase classname="com.atmecs.ToolsninjaAutomation.testScripts.HomePagetestscripts" name="validatefooterForAboutUs" time="0.0">
    <skipped/>
  </testcase> <!-- validatefooterForAboutUs -->
  <testcase classname="com.atmecs.ToolsninjaAutomation.testScripts.HomePagetestscripts" name="validatefooterForAboutUs" time="0.0">
    <skipped/>
  </testcase> <!-- validatefooterForAboutUs -->
  <testcase classname="com.atmecs.ToolsninjaAutomation.testScripts.HomePagetestscripts" name="validatefooterForAboutUs" time="0.0">
    <skipped/>
  </testcase> <!-- validatefooterForAboutUs -->
  <testcase classname="com.atmecs.ToolsninjaAutomation.testScripts.HomePagetestscripts" name="validatefooterForAboutUs" time="0.0">
    <skipped/>
  </testcase> <!-- validatefooterForAboutUs -->
  <testcase classname="com.atmecs.ToolsninjaAutomation.testScripts.HomePagetestscripts" name="validatefooterForAboutUs" time="0.0">
    <skipped/>
  </testcase> <!-- validatefooterForAboutUs -->
  <testcase classname="com.atmecs.ToolsninjaAutomation.testScripts.HomePagetestscripts" name="clickHeaderPartners" time="0.0">
    <skipped/>
  </testcase> <!-- clickHeaderPartners -->
  <testcase classname="com.atmecs.ToolsninjaAutomation.testScripts.HomePagetestscripts" name="validatefooterForPartner" time="0.0">
    <skipped/>
  </testcase> <!-- validatefooterForPartner -->
  <testcase classname="com.atmecs.ToolsninjaAutomation.testScripts.HomePagetestscripts" name="validatefooterForPartner" time="0.0">
    <skipped/>
  </testcase> <!-- validatefooterForPartner -->
  <testcase classname="com.atmecs.ToolsninjaAutomation.testScripts.HomePagetestscripts" name="validatefooterForPartner" time="0.0">
    <skipped/>
  </testcase> <!-- validatefooterForPartner -->
  <testcase classname="com.atmecs.ToolsninjaAutomation.testScripts.HomePagetestscripts" name="validatefooterForPartner" time="0.0">
    <skipped/>
  </testcase> <!-- validatefooterForPartner -->
  <testcase classname="com.atmecs.ToolsninjaAutomation.testScripts.HomePagetestscripts" name="validatefooterForPartner" time="0.0">
    <skipped/>
  </testcase> <!-- validatefooterForPartner -->
  <testcase classname="com.atmecs.ToolsninjaAutomation.testScripts.HomePagetestscripts" name="validatefooterForPartner" time="0.0">
    <skipped/>
  </testcase> <!-- validatefooterForPartner -->
  <testcase classname="com.atmecs.ToolsninjaAutomation.testScripts.HomePagetestscripts" name="validatefooterForPartner" time="0.0">
    <skipped/>
  </testcase> <!-- validatefooterForPartner -->
  <testcase classname="com.atmecs.ToolsninjaAutomation.testScripts.HomePagetestscripts" name="validatefooterForPartner" time="0.0">
    <skipped/>
  </testcase> <!-- validatefooterForPartner -->
  <testcase classname="com.atmecs.ToolsninjaAutomation.testScripts.HomePagetestscripts" name="validatefooterForPartner" time="0.0">
    <skipped/>
  </testcase> <!-- validatefooterForPartner -->
  <testcase classname="com.atmecs.ToolsninjaAutomation.testScripts.HomePagetestscripts" name="validatefooterForPartner" time="0.0">
    <skipped/>
  </testcase> <!-- validatefooterForPartner -->
  <testcase classname="com.atmecs.ToolsninjaAutomation.testScripts.HomePagetestscripts" name="validatefooterForPartner" time="0.0">
    <skipped/>
  </testcase> <!-- validatefooterForPartner -->
  <testcase classname="com.atmecs.ToolsninjaAutomation.testScripts.HomePagetestscripts" name="validatefooterForPartner" time="0.0">
    <skipped/>
  </testcase> <!-- validatefooterForPartner -->
  <testcase classname="com.atmecs.ToolsninjaAutomation.testScripts.HomePagetestscripts" name="validatefooterForPartner" time="0.0">
    <skipped/>
  </testcase> <!-- validatefooterForPartner -->
  <testcase classname="com.atmecs.ToolsninjaAutomation.testScripts.HomePagetestscripts" name="validatefooterForPartner" time="0.0">
    <skipped/>
  </testcase> <!-- validatefooterForPartner -->
  <testcase classname="com.atmecs.ToolsninjaAutomation.testScripts.HomePagetestscripts" name="validatefooterForPartner" time="0.0">
    <skipped/>
  </testcase> <!-- validatefooterForPartner -->
  <testcase classname="com.atmecs.ToolsninjaAutomation.testScripts.HomePagetestscripts" name="validatefooterForPartner" time="0.0">
    <skipped/>
  </testcase> <!-- validatefooterForPartner -->
  <testcase classname="com.atmecs.ToolsninjaAutomation.testScripts.HomePagetestscripts" name="validatefooterForPartner" time="0.0">
    <skipped/>
  </testcase> <!-- validatefooterForPartner -->
  <testcase classname="com.atmecs.ToolsninjaAutomation.testScripts.HomePagetestscripts" name="validatefooterForPartner" time="0.0">
    <skipped/>
  </testcase> <!-- validatefooterForPartner -->
  <testcase classname="com.atmecs.ToolsninjaAutomation.testScripts.HomePagetestscripts" name="validatefooterForPartner" time="0.0">
    <skipped/>
  </testcase> <!-- validatefooterForPartner -->
  <testcase classname="com.atmecs.ToolsninjaAutomation.testScripts.HomePagetestscripts" name="validatefooterForPartner" time="0.0">
    <skipped/>
  </testcase> <!-- validatefooterForPartner -->
  <testcase classname="com.atmecs.ToolsninjaAutomation.testScripts.HomePagetestscripts" name="validatefooterForPartner" time="0.0">
    <skipped/>
  </testcase> <!-- validatefooterForPartner -->
  <testcase classname="com.atmecs.ToolsninjaAutomation.testScripts.HomePagetestscripts" name="validatefooterForPartner" time="0.0">
    <skipped/>
  </testcase> <!-- validatefooterForPartner -->
  <testcase classname="com.atmecs.ToolsninjaAutomation.testScripts.HomePagetestscripts" name="validatefooterForPartner" time="0.0">
    <skipped/>
  </testcase> <!-- validatefooterForPartner -->
  <testcase classname="com.atmecs.ToolsninjaAutomation.testScripts.HomePagetestscripts" name="validatefooterForPartner" time="0.0">
    <skipped/>
  </testcase> <!-- validatefooterForPartner -->
  <testcase classname="com.atmecs.ToolsninjaAutomation.testScripts.HomePagetestscripts" name="validatefooterForPartner" time="0.0">
    <skipped/>
  </testcase> <!-- validatefooterForPartner -->
  <testcase classname="com.atmecs.ToolsninjaAutomation.testScripts.HomePagetestscripts" name="validatefooterForPartner" time="0.0">
    <skipped/>
  </testcase> <!-- validatefooterForPartner -->
  <testcase classname="com.atmecs.ToolsninjaAutomation.testScripts.HomePagetestscripts" name="validatefooterForPartner" time="0.0">
    <skipped/>
  </testcase> <!-- validatefooterForPartner -->
  <testcase classname="com.atmecs.ToolsninjaAutomation.testScripts.HomePagetestscripts" name="validatefooterForPartner" time="0.0">
    <skipped/>
  </testcase> <!-- validatefooterForPartner -->
  <testcase classname="com.atmecs.ToolsninjaAutomation.testScripts.HomePagetestscripts" name="validatefooterForPartner" time="0.0">
    <skipped/>
  </testcase> <!-- validatefooterForPartner -->
  <testcase classname="com.atmecs.ToolsninjaAutomation.testScripts.HomePagetestscripts" name="validatefooterForPartner" time="0.0">
    <skipped/>
  </testcase> <!-- validatefooterForPartner -->
  <testcase classname="com.atmecs.ToolsninjaAutomation.testScripts.HomePagetestscripts" name="clickHeaderMedia" time="0.0">
    <skipped/>
  </testcase> <!-- clickHeaderMedia -->
  <testcase classname="com.atmecs.ToolsninjaAutomation.testScripts.HomePagetestscripts" name="validatefooterForMedia" time="0.0">
    <skipped/>
  </testcase> <!-- validatefooterForMedia -->
  <testcase classname="com.atmecs.ToolsninjaAutomation.testScripts.HomePagetestscripts" name="validatefooterForMedia" time="0.0">
    <skipped/>
  </testcase> <!-- validatefooterForMedia -->
  <testcase classname="com.atmecs.ToolsninjaAutomation.testScripts.HomePagetestscripts" name="validatefooterForMedia" time="0.0">
    <skipped/>
  </testcase> <!-- validatefooterForMedia -->
  <testcase classname="com.atmecs.ToolsninjaAutomation.testScripts.HomePagetestscripts" name="validatefooterForMedia" time="0.0">
    <skipped/>
  </testcase> <!-- validatefooterForMedia -->
  <testcase classname="com.atmecs.ToolsninjaAutomation.testScripts.HomePagetestscripts" name="validatefooterForMedia" time="0.0">
    <skipped/>
  </testcase> <!-- validatefooterForMedia -->
  <testcase classname="com.atmecs.ToolsninjaAutomation.testScripts.HomePagetestscripts" name="validatefooterForMedia" time="0.0">
    <skipped/>
  </testcase> <!-- validatefooterForMedia -->
  <testcase classname="com.atmecs.ToolsninjaAutomation.testScripts.HomePagetestscripts" name="validatefooterForMedia" time="0.0">
    <skipped/>
  </testcase> <!-- validatefooterForMedia -->
  <testcase classname="com.atmecs.ToolsninjaAutomation.testScripts.HomePagetestscripts" name="validatefooterForMedia" time="0.0">
    <skipped/>
  </testcase> <!-- validatefooterForMedia -->
  <testcase classname="com.atmecs.ToolsninjaAutomation.testScripts.HomePagetestscripts" name="validatefooterForMedia" time="0.0">
    <skipped/>
  </testcase> <!-- validatefooterForMedia -->
  <testcase classname="com.atmecs.ToolsninjaAutomation.testScripts.HomePagetestscripts" name="validatefooterForMedia" time="0.0">
    <skipped/>
  </testcase> <!-- validatefooterForMedia -->
  <testcase classname="com.atmecs.ToolsninjaAutomation.testScripts.HomePagetestscripts" name="validatefooterForMedia" time="0.0">
    <skipped/>
  </testcase> <!-- validatefooterForMedia -->
  <testcase classname="com.atmecs.ToolsninjaAutomation.testScripts.HomePagetestscripts" name="validatefooterForMedia" time="0.0">
    <skipped/>
  </testcase> <!-- validatefooterForMedia -->
  <testcase classname="com.atmecs.ToolsninjaAutomation.testScripts.HomePagetestscripts" name="validatefooterForMedia" time="0.0">
    <skipped/>
  </testcase> <!-- validatefooterForMedia -->
  <testcase classname="com.atmecs.ToolsninjaAutomation.testScripts.HomePagetestscripts" name="validatefooterForMedia" time="0.0">
    <skipped/>
  </testcase> <!-- validatefooterForMedia -->
  <testcase classname="com.atmecs.ToolsninjaAutomation.testScripts.HomePagetestscripts" name="validatefooterForMedia" time="0.0">
    <skipped/>
  </testcase> <!-- validatefooterForMedia -->
  <testcase classname="com.atmecs.ToolsninjaAutomation.testScripts.HomePagetestscripts" name="validatefooterForMedia" time="0.0">
    <skipped/>
  </testcase> <!-- validatefooterForMedia -->
  <testcase classname="com.atmecs.ToolsninjaAutomation.testScripts.HomePagetestscripts" name="validatefooterForMedia" time="0.0">
    <skipped/>
  </testcase> <!-- validatefooterForMedia -->
  <testcase classname="com.atmecs.ToolsninjaAutomation.testScripts.HomePagetestscripts" name="validatefooterForMedia" time="0.0">
    <skipped/>
  </testcase> <!-- validatefooterForMedia -->
  <testcase classname="com.atmecs.ToolsninjaAutomation.testScripts.HomePagetestscripts" name="validatefooterForMedia" time="0.0">
    <skipped/>
  </testcase> <!-- validatefooterForMedia -->
  <testcase classname="com.atmecs.ToolsninjaAutomation.testScripts.HomePagetestscripts" name="validatefooterForMedia" time="0.0">
    <skipped/>
  </testcase> <!-- validatefooterForMedia -->
  <testcase classname="com.atmecs.ToolsninjaAutomation.testScripts.HomePagetestscripts" name="validatefooterForMedia" time="0.0">
    <skipped/>
  </testcase> <!-- validatefooterForMedia -->
  <testcase classname="com.atmecs.ToolsninjaAutomation.testScripts.HomePagetestscripts" name="validatefooterForMedia" time="0.0">
    <skipped/>
  </testcase> <!-- validatefooterForMedia -->
  <testcase classname="com.atmecs.ToolsninjaAutomation.testScripts.HomePagetestscripts" name="validatefooterForMedia" time="0.0">
    <skipped/>
  </testcase> <!-- validatefooterForMedia -->
  <testcase classname="com.atmecs.ToolsninjaAutomation.testScripts.HomePagetestscripts" name="validatefooterForMedia" time="0.0">
    <skipped/>
  </testcase> <!-- validatefooterForMedia -->
  <testcase classname="com.atmecs.ToolsninjaAutomation.testScripts.HomePagetestscripts" name="validatefooterForMedia" time="0.0">
    <skipped/>
  </testcase> <!-- validatefooterForMedia -->
  <testcase classname="com.atmecs.ToolsninjaAutomation.testScripts.HomePagetestscripts" name="validatefooterForMedia" time="0.0">
    <skipped/>
  </testcase> <!-- validatefooterForMedia -->
  <testcase classname="com.atmecs.ToolsninjaAutomation.testScripts.HomePagetestscripts" name="validatefooterForMedia" time="0.0">
    <skipped/>
  </testcase> <!-- validatefooterForMedia -->
  <testcase classname="com.atmecs.ToolsninjaAutomation.testScripts.HomePagetestscripts" name="validatefooterForMedia" time="0.0">
    <skipped/>
  </testcase> <!-- validatefooterForMedia -->
  <testcase classname="com.atmecs.ToolsninjaAutomation.testScripts.HomePagetestscripts" name="validatefooterForMedia" time="0.0">
    <skipped/>
  </testcase> <!-- validatefooterForMedia -->
  <testcase classname="com.atmecs.ToolsninjaAutomation.testScripts.HomePagetestscripts" name="validatefooterForMedia" time="0.0">
    <skipped/>
  </testcase> <!-- validatefooterForMedia -->
  <testcase classname="com.atmecs.ToolsninjaAutomation.testScripts.HomePagetestscripts" name="clickContactUs" time="0.0">
    <skipped/>
  </testcase> <!-- clickContactUs -->
  <testcase classname="com.atmecs.ToolsninjaAutomation.testScripts.HomePagetestscripts" name="validatefooterForContacts" time="0.0">
    <skipped/>
  </testcase> <!-- validatefooterForContacts -->
  <testcase classname="com.atmecs.ToolsninjaAutomation.testScripts.HomePagetestscripts" name="validatefooterForContacts" time="0.0">
    <skipped/>
  </testcase> <!-- validatefooterForContacts -->
  <testcase classname="com.atmecs.ToolsninjaAutomation.testScripts.HomePagetestscripts" name="validatefooterForContacts" time="0.0">
    <skipped/>
  </testcase> <!-- validatefooterForContacts -->
  <testcase classname="com.atmecs.ToolsninjaAutomation.testScripts.HomePagetestscripts" name="validatefooterForContacts" time="0.0">
    <skipped/>
  </testcase> <!-- validatefooterForContacts -->
  <testcase classname="com.atmecs.ToolsninjaAutomation.testScripts.HomePagetestscripts" name="validatefooterForContacts" time="0.0">
    <skipped/>
  </testcase> <!-- validatefooterForContacts -->
  <testcase classname="com.atmecs.ToolsninjaAutomation.testScripts.HomePagetestscripts" name="validatefooterForContacts" time="0.0">
    <skipped/>
  </testcase> <!-- validatefooterForContacts -->
  <testcase classname="com.atmecs.ToolsninjaAutomation.testScripts.HomePagetestscripts" name="validatefooterForContacts" time="0.0">
    <skipped/>
  </testcase> <!-- validatefooterForContacts -->
  <testcase classname="com.atmecs.ToolsninjaAutomation.testScripts.HomePagetestscripts" name="validatefooterForContacts" time="0.0">
    <skipped/>
  </testcase> <!-- validatefooterForContacts -->
  <testcase classname="com.atmecs.ToolsninjaAutomation.testScripts.HomePagetestscripts" name="validatefooterForContacts" time="0.0">
    <skipped/>
  </testcase> <!-- validatefooterForContacts -->
  <testcase classname="com.atmecs.ToolsninjaAutomation.testScripts.HomePagetestscripts" name="validatefooterForContacts" time="0.0">
    <skipped/>
  </testcase> <!-- validatefooterForContacts -->
  <testcase classname="com.atmecs.ToolsninjaAutomation.testScripts.HomePagetestscripts" name="validatefooterForContacts" time="0.0">
    <skipped/>
  </testcase> <!-- validatefooterForContacts -->
  <testcase classname="com.atmecs.ToolsninjaAutomation.testScripts.HomePagetestscripts" name="validatefooterForContacts" time="0.0">
    <skipped/>
  </testcase> <!-- validatefooterForContacts -->
  <testcase classname="com.atmecs.ToolsninjaAutomation.testScripts.HomePagetestscripts" name="validatefooterForContacts" time="0.0">
    <skipped/>
  </testcase> <!-- validatefooterForContacts -->
  <testcase classname="com.atmecs.ToolsninjaAutomation.testScripts.HomePagetestscripts" name="validatefooterForContacts" time="0.0">
    <skipped/>
  </testcase> <!-- validatefooterForContacts -->
  <testcase classname="com.atmecs.ToolsninjaAutomation.testScripts.HomePagetestscripts" name="validatefooterForContacts" time="0.0">
    <skipped/>
  </testcase> <!-- validatefooterForContacts -->
  <testcase classname="com.atmecs.ToolsninjaAutomation.testScripts.HomePagetestscripts" name="validatefooterForContacts" time="0.0">
    <skipped/>
  </testcase> <!-- validatefooterForContacts -->
  <testcase classname="com.atmecs.ToolsninjaAutomation.testScripts.HomePagetestscripts" name="validatefooterForContacts" time="0.0">
    <skipped/>
  </testcase> <!-- validatefooterForContacts -->
  <testcase classname="com.atmecs.ToolsninjaAutomation.testScripts.HomePagetestscripts" name="validatefooterForContacts" time="0.0">
    <skipped/>
  </testcase> <!-- validatefooterForContacts -->
  <testcase classname="com.atmecs.ToolsninjaAutomation.testScripts.HomePagetestscripts" name="validatefooterForContacts" time="0.0">
    <skipped/>
  </testcase> <!-- validatefooterForContacts -->
  <testcase classname="com.atmecs.ToolsninjaAutomation.testScripts.HomePagetestscripts" name="validatefooterForContacts" time="0.0">
    <skipped/>
  </testcase> <!-- validatefooterForContacts -->
  <testcase classname="com.atmecs.ToolsninjaAutomation.testScripts.HomePagetestscripts" name="validatefooterForContacts" time="0.0">
    <skipped/>
  </testcase> <!-- validatefooterForContacts -->
  <testcase classname="com.atmecs.ToolsninjaAutomation.testScripts.HomePagetestscripts" name="validatefooterForContacts" time="0.0">
    <skipped/>
  </testcase> <!-- validatefooterForContacts -->
  <testcase classname="com.atmecs.ToolsninjaAutomation.testScripts.HomePagetestscripts" name="validatefooterForContacts" time="0.0">
    <skipped/>
  </testcase> <!-- validatefooterForContacts -->
  <testcase classname="com.atmecs.ToolsninjaAutomation.testScripts.HomePagetestscripts" name="validatefooterForContacts" time="0.0">
    <skipped/>
  </testcase> <!-- validatefooterForContacts -->
  <testcase classname="com.atmecs.ToolsninjaAutomation.testScripts.HomePagetestscripts" name="validatefooterForContacts" time="0.0">
    <skipped/>
  </testcase> <!-- validatefooterForContacts -->
  <testcase classname="com.atmecs.ToolsninjaAutomation.testScripts.HomePagetestscripts" name="validatefooterForContacts" time="0.0">
    <skipped/>
  </testcase> <!-- validatefooterForContacts -->
  <testcase classname="com.atmecs.ToolsninjaAutomation.testScripts.HomePagetestscripts" name="validatefooterForContacts" time="0.0">
    <skipped/>
  </testcase> <!-- validatefooterForContacts -->
  <testcase classname="com.atmecs.ToolsninjaAutomation.testScripts.HomePagetestscripts" name="validatefooterForContacts" time="0.0">
    <skipped/>
  </testcase> <!-- validatefooterForContacts -->
  <testcase classname="com.atmecs.ToolsninjaAutomation.testScripts.HomePagetestscripts" name="validatefooterForContacts" time="0.0">
    <skipped/>
  </testcase> <!-- validatefooterForContacts -->
  <testcase classname="com.atmecs.ToolsninjaAutomation.testScripts.HomePagetestscripts" name="validatefooterForContacts" time="0.0">
    <skipped/>
  </testcase> <!-- validatefooterForContacts -->
  <testcase classname="com.atmecs.ToolsninjaAutomation.testScripts.HomePagetestscripts" name="clickInsights" time="0.0">
    <skipped/>
  </testcase> <!-- clickInsights -->
  <testcase classname="com.atmecs.ToolsninjaAutomation.testScripts.HomePagetestscripts" name="validatefooterForInsights" time="0.0">
    <skipped/>
  </testcase> <!-- validatefooterForInsights -->
  <testcase classname="com.atmecs.ToolsninjaAutomation.testScripts.HomePagetestscripts" name="validatefooterForInsights" time="0.0">
    <skipped/>
  </testcase> <!-- validatefooterForInsights -->
  <testcase classname="com.atmecs.ToolsninjaAutomation.testScripts.HomePagetestscripts" name="validatefooterForInsights" time="0.0">
    <skipped/>
  </testcase> <!-- validatefooterForInsights -->
  <testcase classname="com.atmecs.ToolsninjaAutomation.testScripts.HomePagetestscripts" name="validatefooterForInsights" time="0.0">
    <skipped/>
  </testcase> <!-- validatefooterForInsights -->
  <testcase classname="com.atmecs.ToolsninjaAutomation.testScripts.HomePagetestscripts" name="validatefooterForInsights" time="0.0">
    <skipped/>
  </testcase> <!-- validatefooterForInsights -->
  <testcase classname="com.atmecs.ToolsninjaAutomation.testScripts.HomePagetestscripts" name="validatefooterForInsights" time="0.0">
    <skipped/>
  </testcase> <!-- validatefooterForInsights -->
  <testcase classname="com.atmecs.ToolsninjaAutomation.testScripts.HomePagetestscripts" name="validatefooterForInsights" time="0.0">
    <skipped/>
  </testcase> <!-- validatefooterForInsights -->
  <testcase classname="com.atmecs.ToolsninjaAutomation.testScripts.HomePagetestscripts" name="validatefooterForInsights" time="0.0">
    <skipped/>
  </testcase> <!-- validatefooterForInsights -->
  <testcase classname="com.atmecs.ToolsninjaAutomation.testScripts.HomePagetestscripts" name="validatefooterForInsights" time="0.0">
    <skipped/>
  </testcase> <!-- validatefooterForInsights -->
  <testcase classname="com.atmecs.ToolsninjaAutomation.testScripts.HomePagetestscripts" name="validatefooterForInsights" time="0.0">
    <skipped/>
  </testcase> <!-- validatefooterForInsights -->
  <testcase classname="com.atmecs.ToolsninjaAutomation.testScripts.HomePagetestscripts" name="validatefooterForInsights" time="0.0">
    <skipped/>
  </testcase> <!-- validatefooterForInsights -->
  <testcase classname="com.atmecs.ToolsninjaAutomation.testScripts.HomePagetestscripts" name="validatefooterForInsights" time="0.0">
    <skipped/>
  </testcase> <!-- validatefooterForInsights -->
  <testcase classname="com.atmecs.ToolsninjaAutomation.testScripts.HomePagetestscripts" name="validatefooterForInsights" time="0.0">
    <skipped/>
  </testcase> <!-- validatefooterForInsights -->
  <testcase classname="com.atmecs.ToolsninjaAutomation.testScripts.HomePagetestscripts" name="validatefooterForInsights" time="0.0">
    <skipped/>
  </testcase> <!-- validatefooterForInsights -->
  <testcase classname="com.atmecs.ToolsninjaAutomation.testScripts.HomePagetestscripts" name="validatefooterForInsights" time="0.0">
    <skipped/>
  </testcase> <!-- validatefooterForInsights -->
  <testcase classname="com.atmecs.ToolsninjaAutomation.testScripts.HomePagetestscripts" name="validatefooterForInsights" time="0.0">
    <skipped/>
  </testcase> <!-- validatefooterForInsights -->
  <testcase classname="com.atmecs.ToolsninjaAutomation.testScripts.HomePagetestscripts" name="validatefooterForInsights" time="0.0">
    <skipped/>
  </testcase> <!-- validatefooterForInsights -->
  <testcase classname="com.atmecs.ToolsninjaAutomation.testScripts.HomePagetestscripts" name="validatefooterForInsights" time="0.0">
    <skipped/>
  </testcase> <!-- validatefooterForInsights -->
  <testcase classname="com.atmecs.ToolsninjaAutomation.testScripts.HomePagetestscripts" name="validatefooterForInsights" time="0.0">
    <skipped/>
  </testcase> <!-- validatefooterForInsights -->
  <testcase classname="com.atmecs.ToolsninjaAutomation.testScripts.HomePagetestscripts" name="validatefooterForInsights" time="0.0">
    <skipped/>
  </testcase> <!-- validatefooterForInsights -->
  <testcase classname="com.atmecs.ToolsninjaAutomation.testScripts.HomePagetestscripts" name="validatefooterForInsights" time="0.0">
    <skipped/>
  </testcase> <!-- validatefooterForInsights -->
  <testcase classname="com.atmecs.ToolsninjaAutomation.testScripts.HomePagetestscripts" name="validatefooterForInsights" time="0.0">
    <skipped/>
  </testcase> <!-- validatefooterForInsights -->
  <testcase classname="com.atmecs.ToolsninjaAutomation.testScripts.HomePagetestscripts" name="validatefooterForInsights" time="0.0">
    <skipped/>
  </testcase> <!-- validatefooterForInsights -->
  <testcase classname="com.atmecs.ToolsninjaAutomation.testScripts.HomePagetestscripts" name="validatefooterForInsights" time="0.0">
    <skipped/>
  </testcase> <!-- validatefooterForInsights -->
  <testcase classname="com.atmecs.ToolsninjaAutomation.testScripts.HomePagetestscripts" name="validatefooterForInsights" time="0.0">
    <skipped/>
  </testcase> <!-- validatefooterForInsights -->
  <testcase classname="com.atmecs.ToolsninjaAutomation.testScripts.HomePagetestscripts" name="validatefooterForInsights" time="0.0">
    <skipped/>
  </testcase> <!-- validatefooterForInsights -->
  <testcase classname="com.atmecs.ToolsninjaAutomation.testScripts.HomePagetestscripts" name="validatefooterForInsights" time="0.0">
    <skipped/>
  </testcase> <!-- validatefooterForInsights -->
  <testcase classname="com.atmecs.ToolsninjaAutomation.testScripts.HomePagetestscripts" name="validatefooterForInsights" time="0.0">
    <skipped/>
  </testcase> <!-- validatefooterForInsights -->
  <testcase classname="com.atmecs.ToolsninjaAutomation.testScripts.HomePagetestscripts" name="validatefooterForInsights" time="0.0">
    <skipped/>
  </testcase> <!-- validatefooterForInsights -->
  <testcase classname="com.atmecs.ToolsninjaAutomation.testScripts.HomePagetestscripts" name="validatefooterForInsights" time="0.0">
    <skipped/>
  </testcase> <!-- validatefooterForInsights -->
</testsuite> <!-- Test validate chrome -->
