<?xml version="1.0" encoding="UTF-8"?>
<testng-results ignored="0" total="6" passed="6" failed="0" skipped="0">
  <reporter-output>
  </reporter-output>
  <suite started-at="2019-11-12T13:36:00Z" name="Default suite" finished-at="2019-11-12T13:36:49Z" duration-ms="49411">
    <groups>
    </groups>
    <test started-at="2019-11-12T13:36:00Z" name="Default test" finished-at="2019-11-12T13:36:49Z" duration-ms="49411">
      <class name="com.atmecs.ToolsninjaAutomation.testScripts.NinjaStoreTestScripts">
        <test-method is-config="true" signature="intitailizeBrowser()[pri:0, instance:com.atmecs.ToolsninjaAutomation.testScripts.NinjaStoreTestScripts@333291e3]" started-at="2019-11-12T13:36:00Z" name="intitailizeBrowser" finished-at="2019-11-12T13:36:03Z" duration-ms="3732" status="PASS">
          <reporter-output>
          </reporter-output>
        </test-method> <!-- intitailizeBrowser -->
        <test-method is-config="true" signature="getUrl()[pri:0, instance:com.atmecs.ToolsninjaAutomation.testScripts.NinjaStoreTestScripts@333291e3]" started-at="2019-11-12T13:36:03Z" name="getUrl" finished-at="2019-11-12T13:36:05Z" duration-ms="1212" status="PASS">
          <reporter-output>
          </reporter-output>
        </test-method> <!-- getUrl -->
        <test-method signature="homePageRedirection()[pri:1, instance:com.atmecs.ToolsninjaAutomation.testScripts.NinjaStoreTestScripts@333291e3]" started-at="2019-11-12T13:36:05Z" name="homePageRedirection" finished-at="2019-11-12T13:36:05Z" duration-ms="58" status="PASS">
          <reporter-output>
          </reporter-output>
        </test-method> <!-- homePageRedirection -->
        <test-method signature="searchProductAndCheckAvailability()[pri:2, instance:com.atmecs.ToolsninjaAutomation.testScripts.NinjaStoreTestScripts@333291e3]" started-at="2019-11-12T13:36:05Z" name="searchProductAndCheckAvailability" finished-at="2019-11-12T13:36:22Z" duration-ms="17716" status="PASS">
          <reporter-output>
          </reporter-output>
        </test-method> <!-- searchProductAndCheckAvailability -->
        <test-method signature="validateGrandTotal()[pri:3, instance:com.atmecs.ToolsninjaAutomation.testScripts.NinjaStoreTestScripts@333291e3]" started-at="2019-11-12T13:36:22Z" name="validateGrandTotal" finished-at="2019-11-12T13:36:37Z" duration-ms="14640" status="PASS">
          <reporter-output>
          </reporter-output>
        </test-method> <!-- validateGrandTotal -->
        <test-method signature="checkGrandTotal()[pri:4, instance:com.atmecs.ToolsninjaAutomation.testScripts.NinjaStoreTestScripts@333291e3]" started-at="2019-11-12T13:36:37Z" name="checkGrandTotal" finished-at="2019-11-12T13:36:37Z" duration-ms="300" status="PASS">
          <reporter-output>
          </reporter-output>
        </test-method> <!-- checkGrandTotal -->
        <test-method signature="validateGrandTotalAfterRemovingItem()[pri:5, instance:com.atmecs.ToolsninjaAutomation.testScripts.NinjaStoreTestScripts@333291e3]" started-at="2019-11-12T13:36:37Z" name="validateGrandTotalAfterRemovingItem" finished-at="2019-11-12T13:36:40Z" duration-ms="3183" status="PASS">
          <reporter-output>
          </reporter-output>
        </test-method> <!-- validateGrandTotalAfterRemovingItem -->
        <test-method signature="validateErrorMessage()[pri:6, instance:com.atmecs.ToolsninjaAutomation.testScripts.NinjaStoreTestScripts@333291e3]" started-at="2019-11-12T13:36:40Z" name="validateErrorMessage" finished-at="2019-11-12T13:36:49Z" duration-ms="8494" status="PASS">
          <reporter-output>
          </reporter-output>
        </test-method> <!-- validateErrorMessage -->
        <test-method is-config="true" signature="tearResource()[pri:0, instance:com.atmecs.ToolsninjaAutomation.testScripts.NinjaStoreTestScripts@333291e3]" started-at="2019-11-12T13:36:49Z" name="tearResource" finished-at="2019-11-12T13:36:49Z" duration-ms="32" status="PASS">
          <reporter-output>
          </reporter-output>
        </test-method> <!-- tearResource -->
      </class> <!-- com.atmecs.ToolsninjaAutomation.testScripts.NinjaStoreTestScripts -->
    </test> <!-- Default test -->
  </suite> <!-- Default suite -->
</testng-results>
