<?xml version="1.0" encoding="UTF-8"?>
<testsuite xmlns:xsi="http://www.w3.org/2001/XMLSchema-instance" xsi:noNamespaceSchemaLocation="https://maven.apache.org/surefire/maven-surefire-plugin/xsd/surefire-test-report-3.0.xsd" version="3.0" name="TestSuite" time="94.388" tests="12" errors="0" skipped="0" failures="2">
  <properties>
[...]
</properties>
  <testcase name="validateTitles" classname="com.atmecs.ToolsninjaAutomation.testScripts.HeatClinicTestScripts" time="9.681"/>
  <testcase name="selectGenderClothing" classname="com.atmecs.ToolsninjaAutomation.testScripts.HeatClinicTestScripts" time="3.991"/>
  <testcase name="validateMensClothing" classname="com.atmecs.ToolsninjaAutomation.testScripts.HeatClinicTestScripts" time="0.262"/>
  <testcase name="chooseShirt" classname="com.atmecs.ToolsninjaAutomation.testScripts.HeatClinicTestScripts" time="19.617"/>
  <testcase name="validateCart" classname="com.atmecs.ToolsninjaAutomation.testScripts.HeatClinicTestScripts" time="1.921"/>
  <testcase name="validateUpdatedGrandTotal" classname="com.atmecs.ToolsninjaAutomation.testScripts.HeatClinicTestScripts" time="4.203"/>
  <testcase name="homePageRedirection" classname="com.atmecs.ToolsninjaAutomation.testScripts.NinjaStoreTestScripts" time="0.059"/>
  <testcase name="searchProductAndCheckAvailability" classname="com.atmecs.ToolsninjaAutomation.testScripts.NinjaStoreTestScripts" time="16.396"/>
  <testcase name="validateGrandTotal" classname="com.atmecs.ToolsninjaAutomation.testScripts.NinjaStoreTestScripts" time="10.88"/>
  <testcase name="checkGrandTotal" classname="com.atmecs.ToolsninjaAutomation.testScripts.NinjaStoreTestScripts" time="0.349">
    <failure message="grandtotal is not correct expected [$3,852.40] but found [$2,773.60]" type="java.lang.AssertionError">java.lang.AssertionError: grandtotal is not correct expected [$3,852.40] but found [$2,773.60]
	at com.atmecs.ToolsninjaAutomation.testScripts.NinjaStoreTestScripts.checkGrandTotal(NinjaStoreTestScripts.java:115)
</failure>
  </testcase>
  <testcase name="validateGrandTotalAfterRemovingItem" classname="com.atmecs.ToolsninjaAutomation.testScripts.NinjaStoreTestScripts" time="2.858">
    <failure message="grandtotal is not correct expected [$3,606.00] but found [$2,404.00]" type="java.lang.AssertionError">java.lang.AssertionError: grandtotal is not correct expected [$3,606.00] but found [$2,404.00]
	at com.atmecs.ToolsninjaAutomation.testScripts.NinjaStoreTestScripts.validateGrandTotalAfterRemovingItem(NinjaStoreTestScripts.java:122)
</failure>
  </testcase>
  <testcase name="validateErrorMessage" classname="com.atmecs.ToolsninjaAutomation.testScripts.NinjaStoreTestScripts" time="7.833"/>
</testsuite>